<?xml version="1.0" encoding="UTF-8"?>
<coverage generated="1591791570443" clover="3.2.0">
  <project timestamp="1591791570443" name="All files">
    <metrics statements="297" coveredstatements="277" conditionals="53" coveredconditionals="36" methods="69" coveredmethods="61" elements="419" coveredelements="374" complexity="0" loc="297" ncloc="297" packages="21" files="26" classes="26"/>
    <package name="modules.customers.infra.http.controller">
      <metrics statements="9" coveredstatements="9" conditionals="0" coveredconditionals="0" methods="2" coveredmethods="2"/>
      <file name="CustomersController.ts" path="C:\Users\wneto\Desktop\Apps\gorestaurante-api\src\modules\customers\infra\http\controller\CustomersController.ts">
        <metrics statements="9" coveredstatements="9" conditionals="0" coveredconditionals="0" methods="2" coveredmethods="2"/>
        <line num="3" count="1" type="stmt"/>
        <line num="5" count="1" type="stmt"/>
        <line num="7" count="1" type="stmt"/>
        <line num="8" count="1" type="stmt"/>
        <line num="9" count="7" type="stmt"/>
        <line num="11" count="7" type="stmt"/>
        <line num="13" count="7" type="stmt"/>
        <line num="18" count="5" type="stmt"/>
        <line num="20" count="1" type="stmt"/>
      </file>
    </package>
    <package name="modules.customers.infra.http.routes">
      <metrics statements="6" coveredstatements="6" conditionals="0" coveredconditionals="0" methods="0" coveredmethods="0"/>
      <file name="customers.routes.ts" path="C:\Users\wneto\Desktop\Apps\gorestaurante-api\src\modules\customers\infra\http\routes\customers.routes.ts">
        <metrics statements="6" coveredstatements="6" conditionals="0" coveredconditionals="0" methods="0" coveredmethods="0"/>
        <line num="1" count="1" type="stmt"/>
        <line num="3" count="1" type="stmt"/>
        <line num="5" count="1" type="stmt"/>
        <line num="6" count="1" type="stmt"/>
        <line num="8" count="1" type="stmt"/>
        <line num="10" count="1" type="stmt"/>
      </file>
    </package>
    <package name="modules.customers.infra.typeorm.entities">
      <metrics statements="9" coveredstatements="9" conditionals="0" coveredconditionals="0" methods="1" coveredmethods="1"/>
      <file name="Customer.ts" path="C:\Users\wneto\Desktop\Apps\gorestaurante-api\src\modules\customers\infra\typeorm\entities\Customer.ts">
        <metrics statements="9" coveredstatements="9" conditionals="0" coveredconditionals="0" methods="1" coveredmethods="1"/>
        <line num="1" count="1" type="stmt"/>
        <line num="10" count="1" type="stmt"/>
        <line num="12" count="1" type="stmt"/>
        <line num="15" count="1" type="stmt"/>
        <line num="18" count="1" type="stmt"/>
        <line num="21" count="1" type="stmt"/>
        <line num="24" count="1" type="stmt"/>
        <line num="25" count="1" type="stmt"/>
        <line num="27" count="1" type="stmt"/>
      </file>
    </package>
    <package name="modules.customers.infra.typeorm.repositories">
      <metrics statements="16" coveredstatements="16" conditionals="2" coveredconditionals="2" methods="5" coveredmethods="5"/>
      <file name="CustomersRepository.ts" path="C:\Users\wneto\Desktop\Apps\gorestaurante-api\src\modules\customers\infra\typeorm\repositories\CustomersRepository.ts">
        <metrics statements="16" coveredstatements="16" conditionals="2" coveredconditionals="2" methods="5" coveredmethods="5"/>
        <line num="1" count="1" type="stmt"/>
        <line num="5" count="1" type="stmt"/>
        <line num="7" count="1" type="stmt"/>
        <line num="11" count="1" type="stmt"/>
        <line num="14" count="5" type="stmt"/>
        <line num="15" count="5" type="stmt"/>
        <line num="20" count="10" type="stmt"/>
        <line num="22" count="5" type="stmt"/>
        <line num="25" count="1" type="stmt"/>
        <line num="26" count="7" type="cond" truecount="1" falsecount="0"/>
        <line num="28" count="7" type="stmt"/>
        <line num="31" count="1" type="stmt"/>
        <line num="32" count="7" type="cond" truecount="1" falsecount="0"/>
        <line num="38" count="5" type="stmt"/>
        <line num="40" count="1" type="stmt"/>
        <line num="42" count="1" type="stmt"/>
      </file>
    </package>
    <package name="modules.customers.services">
      <metrics statements="12" coveredstatements="11" conditionals="3" coveredconditionals="2" methods="3" coveredmethods="3"/>
      <file name="CreateCustomerService.ts" path="C:\Users\wneto\Desktop\Apps\gorestaurante-api\src\modules\customers\services\CreateCustomerService.ts">
        <metrics statements="12" coveredstatements="11" conditionals="3" coveredconditionals="2" methods="3" coveredmethods="3"/>
        <line num="1" count="1" type="stmt"/>
        <line num="3" count="1" type="stmt"/>
        <line num="14" count="1" type="stmt"/>
        <line num="17" count="7" type="stmt"/>
        <line num="20" count="7" type="stmt"/>
        <line num="21" count="7" type="cond" truecount="1" falsecount="0"/>
        <line num="25" count="5" type="cond" truecount="1" falsecount="1"/>
        <line num="26" count="0" type="stmt"/>
        <line num="29" count="5" type="stmt"/>
        <line num="34" count="5" type="stmt"/>
        <line num="36" count="1" type="stmt"/>
        <line num="38" count="1" type="stmt"/>
      </file>
    </package>
    <package name="modules.orders.infra.http.controller">
      <metrics statements="15" coveredstatements="11" conditionals="0" coveredconditionals="0" methods="3" coveredmethods="2"/>
      <file name="OrdersController.ts" path="C:\Users\wneto\Desktop\Apps\gorestaurante-api\src\modules\orders\infra\http\controller\OrdersController.ts">
        <metrics statements="15" coveredstatements="11" conditionals="0" coveredconditionals="0" methods="3" coveredmethods="2"/>
        <line num="3" count="1" type="stmt"/>
        <line num="5" count="1" type="stmt"/>
        <line num="6" count="1" type="stmt"/>
        <line num="8" count="1" type="stmt"/>
        <line num="9" count="1" type="stmt"/>
        <line num="10" count="0" type="stmt"/>
        <line num="12" count="0" type="stmt"/>
        <line num="14" count="0" type="stmt"/>
        <line num="18" count="0" type="stmt"/>
        <line num="21" count="1" type="stmt"/>
        <line num="22" count="7" type="stmt"/>
        <line num="24" count="7" type="stmt"/>
        <line num="26" count="7" type="stmt"/>
        <line num="31" count="2" type="stmt"/>
        <line num="33" count="1" type="stmt"/>
      </file>
    </package>
    <package name="modules.orders.infra.http.routes">
      <metrics statements="7" coveredstatements="7" conditionals="0" coveredconditionals="0" methods="0" coveredmethods="0"/>
      <file name="orders.routes.ts" path="C:\Users\wneto\Desktop\Apps\gorestaurante-api\src\modules\orders\infra\http\routes\orders.routes.ts">
        <metrics statements="7" coveredstatements="7" conditionals="0" coveredconditionals="0" methods="0" coveredmethods="0"/>
        <line num="1" count="1" type="stmt"/>
        <line num="3" count="1" type="stmt"/>
        <line num="5" count="1" type="stmt"/>
        <line num="6" count="1" type="stmt"/>
        <line num="8" count="1" type="stmt"/>
        <line num="9" count="1" type="stmt"/>
        <line num="11" count="1" type="stmt"/>
      </file>
    </package>
    <package name="modules.orders.infra.typeorm.entities">
      <metrics statements="30" coveredstatements="30" conditionals="0" coveredconditionals="0" methods="9" coveredmethods="9"/>
      <file name="Order.ts" path="C:\Users\wneto\Desktop\Apps\gorestaurante-api\src\modules\orders\infra\typeorm\entities\Order.ts">
        <metrics statements="13" coveredstatements="13" conditionals="0" coveredconditionals="0" methods="4" coveredmethods="4"/>
        <line num="1" count="1" type="stmt"/>
        <line num="11" count="1" type="stmt"/>
        <line num="12" count="1" type="stmt"/>
        <line num="15" count="1" type="stmt"/>
        <line num="17" count="1" type="stmt"/>
        <line num="19" count="2" type="stmt"/>
        <line num="21" count="1" type="stmt"/>
        <line num="23" count="2" type="stmt"/>
        <line num="27" count="1" type="stmt"/>
        <line num="30" count="1" type="stmt"/>
        <line num="33" count="1" type="stmt"/>
        <line num="34" count="1" type="stmt"/>
        <line num="36" count="1" type="stmt"/>
      </file>
      <file name="OrdersProducts.ts" path="C:\Users\wneto\Desktop\Apps\gorestaurante-api\src\modules\orders\infra\typeorm\entities\OrdersProducts.ts">
        <metrics statements="17" coveredstatements="17" conditionals="0" coveredconditionals="0" methods="5" coveredmethods="5"/>
        <line num="1" count="1" type="stmt"/>
        <line num="11" count="1" type="stmt"/>
        <line num="12" count="1" type="stmt"/>
        <line num="15" count="1" type="stmt"/>
        <line num="17" count="1" type="stmt"/>
        <line num="19" count="2" type="stmt"/>
        <line num="21" count="1" type="stmt"/>
        <line num="23" count="2" type="stmt"/>
        <line num="25" count="1" type="stmt"/>
        <line num="28" count="1" type="stmt"/>
        <line num="31" count="1" type="stmt"/>
        <line num="34" count="1" type="stmt"/>
        <line num="37" count="1" type="stmt"/>
        <line num="40" count="1" type="stmt"/>
        <line num="43" count="1" type="stmt"/>
        <line num="44" count="1" type="stmt"/>
        <line num="46" count="1" type="stmt"/>
      </file>
    </package>
    <package name="modules.orders.infra.typeorm.repositories">
      <metrics statements="13" coveredstatements="11" conditionals="1" coveredconditionals="0" methods="4" coveredmethods="3"/>
      <file name="OrdersRepository.ts" path="C:\Users\wneto\Desktop\Apps\gorestaurante-api\src\modules\orders\infra\typeorm\repositories\OrdersRepository.ts">
        <metrics statements="13" coveredstatements="11" conditionals="1" coveredconditionals="0" methods="4" coveredmethods="3"/>
        <line num="1" count="1" type="stmt"/>
        <line num="5" count="1" type="stmt"/>
        <line num="7" count="1" type="stmt"/>
        <line num="11" count="1" type="stmt"/>
        <line num="14" count="3" type="stmt"/>
        <line num="15" count="3" type="stmt"/>
        <line num="20" count="6" type="stmt"/>
        <line num="22" count="3" type="stmt"/>
        <line num="25" count="1" type="stmt"/>
        <line num="26" count="0" type="cond" truecount="0" falsecount="1"/>
        <line num="28" count="0" type="stmt"/>
        <line num="30" count="1" type="stmt"/>
        <line num="32" count="1" type="stmt"/>
      </file>
    </package>
    <package name="modules.orders.services">
      <metrics statements="41" coveredstatements="33" conditionals="18" coveredconditionals="12" methods="9" coveredmethods="7"/>
      <file name="CreateOrderService.ts" path="C:\Users\wneto\Desktop\Apps\gorestaurante-api\src\modules\orders\services\CreateOrderService.ts">
        <metrics statements="28" coveredstatements="27" conditionals="15" coveredconditionals="12" methods="6" coveredmethods="6"/>
        <line num="1" count="1" type="stmt"/>
        <line num="3" count="1" type="stmt"/>
        <line num="21" count="1" type="stmt"/>
        <line num="24" count="7" type="stmt"/>
        <line num="26" count="7" type="stmt"/>
        <line num="28" count="7" type="stmt"/>
        <line num="31" count="7" type="stmt"/>
        <line num="32" count="7" type="cond" truecount="1" falsecount="0"/>
        <line num="34" count="7" type="cond" truecount="2" falsecount="0"/>
        <line num="35" count="1" type="stmt"/>
        <line num="38" count="6" type="stmt"/>
        <line num="39" count="6" type="stmt"/>
        <line num="42" count="6" type="stmt"/>
        <line num="46" count="6" type="cond" truecount="2" falsecount="0"/>
        <line num="47" count="2" type="stmt"/>
        <line num="50" count="4" type="stmt"/>
        <line num="51" count="4" type="stmt"/>
        <line num="52" count="4" type="stmt"/>
        <line num="55" count="4" type="cond" truecount="1" falsecount="1"/>
        <line num="56" count="0" type="stmt"/>
        <line num="59" count="4" type="cond" truecount="2" falsecount="0"/>
        <line num="60" count="1" type="stmt"/>
        <line num="63" count="3" type="stmt"/>
        <line num="70" count="3" type="stmt"/>
        <line num="75" count="5" type="stmt"/>
        <line num="77" count="2" type="stmt"/>
        <line num="79" count="1" type="stmt"/>
        <line num="81" count="1" type="stmt"/>
      </file>
      <file name="FindOrderService.ts" path="C:\Users\wneto\Desktop\Apps\gorestaurante-api\src\modules\orders\services\FindOrderService.ts">
        <metrics statements="13" coveredstatements="6" conditionals="3" coveredconditionals="0" methods="3" coveredmethods="1"/>
        <line num="1" count="1" type="stmt"/>
        <line num="5" count="1" type="stmt"/>
        <line num="14" count="1" type="stmt"/>
        <line num="17" count="0" type="stmt"/>
        <line num="20" count="0" type="stmt"/>
        <line num="23" count="0" type="stmt"/>
        <line num="26" count="1" type="stmt"/>
        <line num="27" count="0" type="cond" truecount="0" falsecount="1"/>
        <line num="29" count="0" type="cond" truecount="0" falsecount="2"/>
        <line num="30" count="0" type="stmt"/>
        <line num="33" count="0" type="stmt"/>
        <line num="35" count="1" type="stmt"/>
        <line num="37" count="1" type="stmt"/>
      </file>
    </package>
    <package name="modules.products.infra.http.controller">
      <metrics statements="9" coveredstatements="9" conditionals="0" coveredconditionals="0" methods="2" coveredmethods="2"/>
      <file name="ProductsController.ts" path="C:\Users\wneto\Desktop\Apps\gorestaurante-api\src\modules\products\infra\http\controller\ProductsController.ts">
        <metrics statements="9" coveredstatements="9" conditionals="0" coveredconditionals="0" methods="2" coveredmethods="2"/>
        <line num="3" count="1" type="stmt"/>
        <line num="4" count="1" type="stmt"/>
        <line num="6" count="1" type="stmt"/>
        <line num="7" count="1" type="stmt"/>
        <line num="8" count="6" type="stmt"/>
        <line num="10" count="6" type="stmt"/>
        <line num="12" count="6" type="stmt"/>
        <line num="18" count="4" type="stmt"/>
        <line num="20" count="1" type="stmt"/>
      </file>
    </package>
    <package name="modules.products.infra.http.routes">
      <metrics statements="6" coveredstatements="6" conditionals="0" coveredconditionals="0" methods="0" coveredmethods="0"/>
      <file name="products.routes.ts" path="C:\Users\wneto\Desktop\Apps\gorestaurante-api\src\modules\products\infra\http\routes\products.routes.ts">
        <metrics statements="6" coveredstatements="6" conditionals="0" coveredconditionals="0" methods="0" coveredmethods="0"/>
        <line num="1" count="1" type="stmt"/>
        <line num="3" count="1" type="stmt"/>
        <line num="5" count="1" type="stmt"/>
        <line num="6" count="1" type="stmt"/>
        <line num="8" count="1" type="stmt"/>
        <line num="10" count="1" type="stmt"/>
      </file>
    </package>
    <package name="modules.products.infra.typeorm.entities">
      <metrics statements="13" coveredstatements="13" conditionals="0" coveredconditionals="0" methods="3" coveredmethods="3"/>
      <file name="Product.ts" path="C:\Users\wneto\Desktop\Apps\gorestaurante-api\src\modules\products\infra\typeorm\entities\Product.ts">
        <metrics statements="13" coveredstatements="13" conditionals="0" coveredconditionals="0" methods="3" coveredmethods="3"/>
        <line num="1" count="1" type="stmt"/>
        <line num="10" count="1" type="stmt"/>
        <line num="13" count="1" type="stmt"/>
        <line num="15" count="1" type="stmt"/>
        <line num="18" count="1" type="stmt"/>
        <line num="21" count="1" type="stmt"/>
        <line num="24" count="1" type="stmt"/>
        <line num="26" count="2" type="stmt"/>
        <line num="27" count="1" type="stmt"/>
        <line num="30" count="1" type="stmt"/>
        <line num="33" count="1" type="stmt"/>
        <line num="34" count="1" type="stmt"/>
        <line num="36" count="1" type="stmt"/>
      </file>
    </package>
    <package name="modules.products.infra.typeorm.repositories">
      <metrics statements="26" coveredstatements="26" conditionals="9" coveredconditionals="7" methods="9" coveredmethods="9"/>
      <file name="ProductsRepository.ts" path="C:\Users\wneto\Desktop\Apps\gorestaurante-api\src\modules\products\infra\typeorm\repositories\ProductsRepository.ts">
        <metrics statements="26" coveredstatements="26" conditionals="9" coveredconditionals="7" methods="9" coveredmethods="9"/>
        <line num="1" count="1" type="stmt"/>
        <line num="6" count="1" type="stmt"/>
        <line num="12" count="1" type="stmt"/>
        <line num="16" count="1" type="stmt"/>
        <line num="19" count="1" type="stmt"/>
        <line num="20" count="4" type="stmt"/>
        <line num="21" count="4" type="stmt"/>
        <line num="22" count="4" type="stmt"/>
        <line num="24" count="4" type="stmt"/>
        <line num="30" count="8" type="stmt"/>
        <line num="32" count="4" type="stmt"/>
        <line num="35" count="1" type="stmt"/>
        <line num="36" count="6" type="cond" truecount="1" falsecount="0"/>
        <line num="40" count="4" type="stmt"/>
        <line num="43" count="1" type="stmt"/>
        <line num="44" count="9" type="cond" truecount="1" falsecount="0"/>
        <line num="46" count="9" type="stmt"/>
        <line num="49" count="1" type="stmt"/>
        <line num="52" count="3" type="cond" truecount="1" falsecount="0"/>
        <line num="53" count="3" type="stmt"/>
        <line num="56" count="3" type="stmt"/>
        <line num="60" count="3" type="cond" truecount="4" falsecount="2"/>
        <line num="63" count="5" type="stmt"/>
        <line num="65" count="2" type="stmt"/>
        <line num="67" count="1" type="stmt"/>
        <line num="69" count="1" type="stmt"/>
      </file>
    </package>
    <package name="modules.products.services">
      <metrics statements="12" coveredstatements="11" conditionals="3" coveredconditionals="2" methods="3" coveredmethods="3"/>
      <file name="CreateProductService.ts" path="C:\Users\wneto\Desktop\Apps\gorestaurante-api\src\modules\products\services\CreateProductService.ts">
        <metrics statements="12" coveredstatements="11" conditionals="3" coveredconditionals="2" methods="3" coveredmethods="3"/>
        <line num="1" count="1" type="stmt"/>
        <line num="3" count="1" type="stmt"/>
        <line num="15" count="1" type="stmt"/>
        <line num="18" count="6" type="stmt"/>
        <line num="21" count="6" type="stmt"/>
        <line num="22" count="6" type="cond" truecount="1" falsecount="0"/>
        <line num="24" count="4" type="cond" truecount="1" falsecount="1"/>
        <line num="25" count="0" type="stmt"/>
        <line num="28" count="4" type="stmt"/>
        <line num="34" count="4" type="stmt"/>
        <line num="36" count="1" type="stmt"/>
        <line num="38" count="1" type="stmt"/>
      </file>
    </package>
    <package name="shared.container">
      <metrics statements="7" coveredstatements="7" conditionals="0" coveredconditionals="0" methods="0" coveredmethods="0"/>
      <file name="index.ts" path="C:\Users\wneto\Desktop\Apps\gorestaurante-api\src\shared\container\index.ts">
        <metrics statements="7" coveredstatements="7" conditionals="0" coveredconditionals="0" methods="0" coveredmethods="0"/>
        <line num="1" count="1" type="stmt"/>
        <line num="4" count="1" type="stmt"/>
        <line num="7" count="1" type="stmt"/>
        <line num="10" count="1" type="stmt"/>
        <line num="12" count="1" type="stmt"/>
        <line num="17" count="1" type="stmt"/>
        <line num="22" count="1" type="stmt"/>
      </file>
    </package>
    <package name="shared.errors">
      <metrics statements="6" coveredstatements="6" conditionals="2" coveredconditionals="1" methods="2" coveredmethods="2"/>
      <file name="AppError.ts" path="C:\Users\wneto\Desktop\Apps\gorestaurante-api\src\shared\errors\AppError.ts">
        <metrics statements="6" coveredstatements="6" conditionals="2" coveredconditionals="1" methods="2" coveredmethods="2"/>
        <line num="1" count="1" type="stmt"/>
        <line num="6" count="8" type="cond" truecount="1" falsecount="1"/>
        <line num="7" count="4" type="stmt"/>
        <line num="8" count="4" type="stmt"/>
        <line num="10" count="1" type="stmt"/>
        <line num="12" count="1" type="stmt"/>
      </file>
    </package>
    <package name="shared.infra.http">
      <metrics statements="19" coveredstatements="19" conditionals="2" coveredconditionals="2" methods="1" coveredmethods="1"/>
      <file name="app.ts" path="C:\Users\wneto\Desktop\Apps\gorestaurante-api\src\shared\infra\http\app.ts">
        <metrics statements="19" coveredstatements="19" conditionals="2" coveredconditionals="2" methods="1" coveredmethods="1"/>
        <line num="1" count="1" type="stmt"/>
        <line num="3" count="1" type="stmt"/>
        <line num="4" count="1" type="stmt"/>
        <line num="5" count="1" type="stmt"/>
        <line num="7" count="1" type="stmt"/>
        <line num="8" count="1" type="stmt"/>
        <line num="9" count="1" type="stmt"/>
        <line num="11" count="1" type="stmt"/>
        <line num="13" count="1" type="stmt"/>
        <line num="15" count="1" type="stmt"/>
        <line num="17" count="1" type="stmt"/>
        <line num="18" count="1" type="stmt"/>
        <line num="19" count="1" type="stmt"/>
        <line num="21" count="1" type="stmt"/>
        <line num="22" count="8" type="cond" truecount="2" falsecount="0"/>
        <line num="23" count="4" type="stmt"/>
        <line num="29" count="4" type="stmt"/>
        <line num="31" count="4" type="stmt"/>
        <line num="37" count="1" type="stmt"/>
      </file>
    </package>
    <package name="shared.infra.http.routes">
      <metrics statements="9" coveredstatements="9" conditionals="0" coveredconditionals="0" methods="0" coveredmethods="0"/>
      <file name="index.ts" path="C:\Users\wneto\Desktop\Apps\gorestaurante-api\src\shared\infra\http\routes\index.ts">
        <metrics statements="9" coveredstatements="9" conditionals="0" coveredconditionals="0" methods="0" coveredmethods="0"/>
        <line num="1" count="1" type="stmt"/>
        <line num="2" count="1" type="stmt"/>
        <line num="3" count="1" type="stmt"/>
        <line num="4" count="1" type="stmt"/>
        <line num="6" count="1" type="stmt"/>
        <line num="8" count="1" type="stmt"/>
        <line num="9" count="1" type="stmt"/>
        <line num="10" count="1" type="stmt"/>
        <line num="12" count="1" type="stmt"/>
      </file>
    </package>
    <package name="shared.infra.typeorm">
      <metrics statements="4" coveredstatements="4" conditionals="5" coveredconditionals="4" methods="1" coveredmethods="1"/>
      <file name="index.ts" path="C:\Users\wneto\Desktop\Apps\gorestaurante-api\src\shared\infra\typeorm\index.ts">
        <metrics statements="4" coveredstatements="4" conditionals="5" coveredconditionals="4" methods="1" coveredmethods="1"/>
        <line num="1" count="1" type="stmt"/>
        <line num="3" count="3" type="cond" truecount="2" falsecount="0"/>
        <line num="4" count="2" type="cond" truecount="1" falsecount="0"/>
        <line num="6" count="2" type="stmt"/>
      </file>
    </package>
    <package name="shared.infra.typeorm.migrations">
      <metrics statements="28" coveredstatements="24" conditionals="8" coveredconditionals="4" methods="12" coveredmethods="8"/>
      <file name="1591720368189-CreateCustomer.ts" path="C:\Users\wneto\Desktop\Apps\gorestaurante-api\src\shared\infra\typeorm\migrations\1591720368189-CreateCustomer.ts">
        <metrics statements="7" coveredstatements="6" conditionals="2" coveredconditionals="1" methods="3" coveredmethods="2"/>
        <line num="1" count="1" type="stmt"/>
        <line num="3" count="1" type="stmt"/>
        <line num="4" count="1" type="stmt"/>
        <line num="5" count="2" type="cond" truecount="1" falsecount="0"/>
        <line num="40" count="1" type="stmt"/>
        <line num="41" count="0" type="cond" truecount="0" falsecount="1"/>
        <line num="43" count="1" type="stmt"/>
      </file>
      <file name="1591722496295-CreateProduct.ts" path="C:\Users\wneto\Desktop\Apps\gorestaurante-api\src\shared\infra\typeorm\migrations\1591722496295-CreateProduct.ts">
        <metrics statements="7" coveredstatements="6" conditionals="2" coveredconditionals="1" methods="3" coveredmethods="2"/>
        <line num="1" count="1" type="stmt"/>
        <line num="3" count="1" type="stmt"/>
        <line num="4" count="1" type="stmt"/>
        <line num="5" count="2" type="cond" truecount="1" falsecount="0"/>
        <line num="46" count="1" type="stmt"/>
        <line num="47" count="0" type="cond" truecount="0" falsecount="1"/>
        <line num="49" count="1" type="stmt"/>
      </file>
      <file name="1591727408199-CreateOrder.ts" path="C:\Users\wneto\Desktop\Apps\gorestaurante-api\src\shared\infra\typeorm\migrations\1591727408199-CreateOrder.ts">
        <metrics statements="7" coveredstatements="6" conditionals="2" coveredconditionals="1" methods="3" coveredmethods="2"/>
        <line num="1" count="1" type="stmt"/>
        <line num="3" count="1" type="stmt"/>
        <line num="4" count="1" type="stmt"/>
        <line num="5" count="2" type="cond" truecount="1" falsecount="0"/>
        <line num="45" count="1" type="stmt"/>
        <line num="46" count="0" type="cond" truecount="0" falsecount="1"/>
        <line num="48" count="1" type="stmt"/>
      </file>
      <file name="1591728276115-CreateOrdersProducts.ts" path="C:\Users\wneto\Desktop\Apps\gorestaurante-api\src\shared\infra\typeorm\migrations\1591728276115-CreateOrdersProducts.ts">
        <metrics statements="7" coveredstatements="6" conditionals="2" coveredconditionals="1" methods="3" coveredmethods="2"/>
        <line num="1" count="1" type="stmt"/>
        <line num="3" count="1" type="stmt"/>
        <line num="5" count="1" type="stmt"/>
        <line num="6" count="2" type="cond" truecount="1" falsecount="0"/>
        <line num="68" count="1" type="stmt"/>
        <line num="69" count="0" type="cond" truecount="0" falsecount="1"/>
        <line num="71" count="1" type="stmt"/>
      </file>
    </package>
  </project>
</coverage>
