{"C:\\Users\\wneto\\Desktop\\Apps\\gorestaurante-api\\src\\modules\\customers\\infra\\http\\controller\\CustomersController.ts": {"path":"C:\\Users\\wneto\\Desktop\\Apps\\gorestaurante-api\\src\\modules\\customers\\infra\\http\\controller\\CustomersController.ts","statementMap":{"0":{"start":{"line":3,"column":0},"end":{"line":3,"column":86}},"1":{"start":{"line":5,"column":0},"end":{"line":5,"column":37}},"2":{"start":{"line":7,"column":0},"end":{"line":7,"column":null}},"3":{"start":{"line":8,"column":15},"end":{"line":19,"column":null}},"4":{"start":{"line":9,"column":10},"end":{"line":9,"column":28}},"5":{"start":{"line":11,"column":10},"end":{"line":11,"column":68}},"6":{"start":{"line":13,"column":21},"end":{"line":16,"column":null}},"7":{"start":{"line":13,"column":10},"end":{"line":16,"column":null}},"8":{"start":{"line":18,"column":4},"end":{"line":18,"column":35}},"9":{"start":{"line":20,"column":0},"end":{"line":20,"column":null}}},"fnMap":{"0":{"name":"(anonymous_14)","decl":{"start":{"line":7,"column":0},"end":{"line":7,"column":null}},"loc":{"start":{"line":7,"column":0},"end":{"line":20,"column":null}}},"1":{"name":"(anonymous_16)","decl":{"start":{"line":8,"column":2},"end":{"line":8,"column":15}},"loc":{"start":{"line":8,"column":58},"end":{"line":19,"column":null}}}},"branchMap":{},"s":{"0":1,"1":1,"2":1,"3":1,"4":7,"5":7,"6":7,"7":7,"8":5,"9":1},"f":{"0":2,"1":7},"b":{}}
,"C:\\Users\\wneto\\Desktop\\Apps\\gorestaurante-api\\src\\modules\\customers\\infra\\http\\routes\\customers.routes.ts": {"path":"C:\\Users\\wneto\\Desktop\\Apps\\gorestaurante-api\\src\\modules\\customers\\infra\\http\\routes\\customers.routes.ts","statementMap":{"0":{"start":{"line":1,"column":0},"end":{"line":1,"column":33}},"1":{"start":{"line":3,"column":0},"end":{"line":3,"column":68}},"2":{"start":{"line":5,"column":24},"end":{"line":5,"column":32}},"3":{"start":{"line":6,"column":28},"end":{"line":6,"column":53}},"4":{"start":{"line":8,"column":0},"end":{"line":8,"column":54}},"5":{"start":{"line":10,"column":0},"end":{"line":10,"column":31}}},"fnMap":{},"branchMap":{},"s":{"0":1,"1":1,"2":1,"3":1,"4":1,"5":1},"f":{},"b":{}}
,"C:\\Users\\wneto\\Desktop\\Apps\\gorestaurante-api\\src\\modules\\customers\\infra\\typeorm\\entities\\Customer.ts": {"path":"C:\\Users\\wneto\\Desktop\\Apps\\gorestaurante-api\\src\\modules\\customers\\infra\\typeorm\\entities\\Customer.ts","statementMap":{"0":{"start":{"line":1,"column":0},"end":{"line":1,"column":null}},"1":{"start":{"line":10,"column":0},"end":{"line":10,"column":6}},"2":{"start":{"line":12,"column":2},"end":{"line":12,"column":null}},"3":{"start":{"line":15,"column":2},"end":{"line":15,"column":null}},"4":{"start":{"line":18,"column":2},"end":{"line":18,"column":null}},"5":{"start":{"line":21,"column":2},"end":{"line":21,"column":null}},"6":{"start":{"line":24,"column":2},"end":{"line":24,"column":null}},"7":{"start":{"line":10,"column":6},"end":{"line":25,"column":null}},"8":{"start":{"line":25,"column":0},"end":{"line":25,"column":null}},"9":{"start":{"line":27,"column":0},"end":{"line":27,"column":24}}},"fnMap":{"0":{"name":"(anonymous_2)","decl":{"start":{"line":10,"column":0},"end":{"line":10,"column":6}},"loc":{"start":{"line":10,"column":0},"end":{"line":10,"column":6}}}},"branchMap":{},"s":{"0":1,"1":1,"2":1,"3":1,"4":1,"5":1,"6":1,"7":1,"8":1,"9":1},"f":{"0":17},"b":{}}
,"C:\\Users\\wneto\\Desktop\\Apps\\gorestaurante-api\\src\\modules\\customers\\infra\\typeorm\\repositories\\CustomersRepository.ts": {"path":"C:\\Users\\wneto\\Desktop\\Apps\\gorestaurante-api\\src\\modules\\customers\\infra\\typeorm\\repositories\\CustomersRepository.ts","statementMap":{"0":{"start":{"line":1,"column":0},"end":{"line":1,"column":52}},"1":{"start":{"line":5,"column":0},"end":{"line":5,"column":44}},"2":{"start":{"line":7,"column":0},"end":{"line":7,"column":null}},"3":{"start":{"line":11,"column":4},"end":{"line":11,"column":49}},"4":{"start":{"line":14,"column":15},"end":{"line":23,"column":null}},"5":{"start":{"line":14,"column":24},"end":{"line":14,"column":28}},"6":{"start":{"line":14,"column":30},"end":{"line":14,"column":35}},"7":{"start":{"line":15,"column":10},"end":{"line":18,"column":7}},"8":{"start":{"line":20,"column":4},"end":{"line":20,"column":44}},"9":{"start":{"line":22,"column":4},"end":{"line":22,"column":20}},"10":{"start":{"line":25,"column":15},"end":{"line":29,"column":null}},"11":{"start":{"line":26,"column":25},"end":{"line":26,"column":null}},"12":{"start":{"line":26,"column":10},"end":{"line":26,"column":null}},"13":{"start":{"line":28,"column":4},"end":{"line":28,"column":24}},"14":{"start":{"line":31,"column":15},"end":{"line":39,"column":null}},"15":{"start":{"line":32,"column":25},"end":{"line":36,"column":null}},"16":{"start":{"line":32,"column":10},"end":{"line":36,"column":null}},"17":{"start":{"line":38,"column":4},"end":{"line":38,"column":24}},"18":{"start":{"line":40,"column":0},"end":{"line":40,"column":null}},"19":{"start":{"line":42,"column":0},"end":{"line":42,"column":35}}},"fnMap":{"0":{"name":"(anonymous_14)","decl":{"start":{"line":7,"column":0},"end":{"line":7,"column":null}},"loc":{"start":{"line":7,"column":0},"end":{"line":40,"column":null}}},"1":{"name":"CustomersRepository","decl":{"start":{"line":10,"column":2},"end":{"line":10,"column":null}},"loc":{"start":{"line":10,"column":2},"end":{"line":12,"column":3}}},"2":{"name":"(anonymous_16)","decl":{"start":{"line":14,"column":2},"end":{"line":14,"column":15}},"loc":{"start":{"line":14,"column":57},"end":{"line":23,"column":null}}},"3":{"name":"(anonymous_19)","decl":{"start":{"line":25,"column":2},"end":{"line":25,"column":15}},"loc":{"start":{"line":25,"column":34},"end":{"line":29,"column":null}}},"4":{"name":"(anonymous_22)","decl":{"start":{"line":31,"column":2},"end":{"line":31,"column":15}},"loc":{"start":{"line":31,"column":40},"end":{"line":39,"column":null}}}},"branchMap":{"0":{"loc":{"start":{"line":26,"column":25},"end":{"line":26,"column":null}},"type":"switch","locations":[{"start":{"line":26,"column":25},"end":{"line":26,"column":null}}]},"1":{"loc":{"start":{"line":32,"column":25},"end":{"line":36,"column":null}},"type":"switch","locations":[{"start":{"line":32,"column":25},"end":{"line":36,"column":null}}]}},"s":{"0":1,"1":1,"2":1,"3":1,"4":1,"5":5,"6":5,"7":5,"8":10,"9":5,"10":1,"11":7,"12":7,"13":7,"14":1,"15":7,"16":7,"17":5,"18":1,"19":1},"f":{"0":1,"1":1,"2":5,"3":7,"4":7},"b":{"0":[7],"1":[7]}}
,"C:\\Users\\wneto\\Desktop\\Apps\\gorestaurante-api\\src\\modules\\customers\\services\\CreateCustomerService.ts": {"path":"C:\\Users\\wneto\\Desktop\\Apps\\gorestaurante-api\\src\\modules\\customers\\services\\CreateCustomerService.ts","statementMap":{"0":{"start":{"line":1,"column":0},"end":{"line":1,"column":46}},"1":{"start":{"line":3,"column":0},"end":{"line":3,"column":47}},"2":{"start":{"line":14,"column":0},"end":{"line":14,"column":6}},"3":{"start":{"line":17,"column":12},"end":{"line":17,"column":53}},"4":{"start":{"line":20,"column":15},"end":{"line":35,"column":null}},"5":{"start":{"line":20,"column":25},"end":{"line":20,"column":29}},"6":{"start":{"line":20,"column":31},"end":{"line":20,"column":36}},"7":{"start":{"line":21,"column":32},"end":{"line":23,"column":null}},"8":{"start":{"line":21,"column":10},"end":{"line":23,"column":null}},"9":{"start":{"line":25,"column":4},"end":{"line":27,"column":null}},"10":{"start":{"line":26,"column":6},"end":{"line":26,"column":56}},"11":{"start":{"line":29,"column":21},"end":{"line":32,"column":null}},"12":{"start":{"line":29,"column":10},"end":{"line":32,"column":null}},"13":{"start":{"line":34,"column":4},"end":{"line":34,"column":20}},"14":{"start":{"line":14,"column":6},"end":{"line":36,"column":null}},"15":{"start":{"line":36,"column":0},"end":{"line":36,"column":null}},"16":{"start":{"line":38,"column":0},"end":{"line":38,"column":37}}},"fnMap":{"0":{"name":"(anonymous_18)","decl":{"start":{"line":14,"column":0},"end":{"line":14,"column":6}},"loc":{"start":{"line":14,"column":0},"end":{"line":14,"column":6}}},"1":{"name":"CreateCustomerService","decl":{"start":{"line":15,"column":2},"end":{"line":15,"column":null}},"loc":{"start":{"line":17,"column":53},"end":{"line":18,"column":6}}},"2":{"name":"(anonymous_20)","decl":{"start":{"line":20,"column":2},"end":{"line":20,"column":15}},"loc":{"start":{"line":20,"column":48},"end":{"line":35,"column":null}}}},"branchMap":{"0":{"loc":{"start":{"line":21,"column":32},"end":{"line":23,"column":null}},"type":"switch","locations":[{"start":{"line":21,"column":32},"end":{"line":23,"column":null}}]},"1":{"loc":{"start":{"line":25,"column":4},"end":{"line":27,"column":null}},"type":"if","locations":[{"start":{"line":25,"column":4},"end":{"line":27,"column":null}},{"start":{"line":25,"column":4},"end":{"line":27,"column":null}}]}},"s":{"0":1,"1":1,"2":1,"3":7,"4":1,"5":7,"6":7,"7":7,"8":7,"9":5,"10":0,"11":5,"12":5,"13":5,"14":1,"15":1,"16":1},"f":{"0":1,"1":7,"2":7},"b":{"0":[7],"1":[0,5]}}
,"C:\\Users\\wneto\\Desktop\\Apps\\gorestaurante-api\\src\\modules\\orders\\infra\\http\\controller\\OrdersController.ts": {"path":"C:\\Users\\wneto\\Desktop\\Apps\\gorestaurante-api\\src\\modules\\orders\\infra\\http\\controller\\OrdersController.ts","statementMap":{"0":{"start":{"line":3,"column":0},"end":{"line":3,"column":37}},"1":{"start":{"line":5,"column":0},"end":{"line":5,"column":77}},"2":{"start":{"line":6,"column":0},"end":{"line":6,"column":73}},"3":{"start":{"line":8,"column":0},"end":{"line":8,"column":null}},"4":{"start":{"line":9,"column":15},"end":{"line":19,"column":null}},"5":{"start":{"line":10,"column":12},"end":{"line":10,"column":19}},"6":{"start":{"line":12,"column":10},"end":{"line":12,"column":58}},"7":{"start":{"line":14,"column":18},"end":{"line":16,"column":null}},"8":{"start":{"line":14,"column":10},"end":{"line":16,"column":null}},"9":{"start":{"line":18,"column":4},"end":{"line":18,"column":32}},"10":{"start":{"line":21,"column":15},"end":{"line":32,"column":null}},"11":{"start":{"line":22,"column":10},"end":{"line":22,"column":38}},"12":{"start":{"line":24,"column":10},"end":{"line":24,"column":62}},"13":{"start":{"line":26,"column":18},"end":{"line":29,"column":null}},"14":{"start":{"line":26,"column":10},"end":{"line":29,"column":null}},"15":{"start":{"line":31,"column":4},"end":{"line":31,"column":32}},"16":{"start":{"line":33,"column":0},"end":{"line":33,"column":null}}},"fnMap":{"0":{"name":"(anonymous_14)","decl":{"start":{"line":8,"column":0},"end":{"line":8,"column":null}},"loc":{"start":{"line":8,"column":0},"end":{"line":33,"column":null}}},"1":{"name":"(anonymous_16)","decl":{"start":{"line":9,"column":2},"end":{"line":9,"column":15}},"loc":{"start":{"line":9,"column":56},"end":{"line":19,"column":null}}},"2":{"name":"(anonymous_19)","decl":{"start":{"line":21,"column":2},"end":{"line":21,"column":15}},"loc":{"start":{"line":21,"column":58},"end":{"line":32,"column":null}}}},"branchMap":{},"s":{"0":1,"1":1,"2":1,"3":1,"4":1,"5":0,"6":0,"7":0,"8":0,"9":0,"10":1,"11":7,"12":7,"13":7,"14":6,"15":2,"16":1},"f":{"0":2,"1":0,"2":7},"b":{}}
,"C:\\Users\\wneto\\Desktop\\Apps\\gorestaurante-api\\src\\modules\\orders\\infra\\http\\routes\\orders.routes.ts": {"path":"C:\\Users\\wneto\\Desktop\\Apps\\gorestaurante-api\\src\\modules\\orders\\infra\\http\\routes\\orders.routes.ts","statementMap":{"0":{"start":{"line":1,"column":0},"end":{"line":1,"column":33}},"1":{"start":{"line":3,"column":0},"end":{"line":3,"column":62}},"2":{"start":{"line":5,"column":21},"end":{"line":5,"column":29}},"3":{"start":{"line":6,"column":25},"end":{"line":6,"column":47}},"4":{"start":{"line":8,"column":0},"end":{"line":8,"column":48}},"5":{"start":{"line":9,"column":0},"end":{"line":9,"column":48}},"6":{"start":{"line":11,"column":0},"end":{"line":11,"column":28}}},"fnMap":{},"branchMap":{},"s":{"0":1,"1":1,"2":1,"3":1,"4":1,"5":1,"6":1},"f":{},"b":{}}
,"C:\\Users\\wneto\\Desktop\\Apps\\gorestaurante-api\\src\\modules\\orders\\infra\\typeorm\\entities\\Order.ts": {"path":"C:\\Users\\wneto\\Desktop\\Apps\\gorestaurante-api\\src\\modules\\orders\\infra\\typeorm\\entities\\Order.ts","statementMap":{"0":{"start":{"line":1,"column":0},"end":{"line":1,"column":null}},"1":{"start":{"line":11,"column":0},"end":{"line":11,"column":74}},"2":{"start":{"line":12,"column":0},"end":{"line":12,"column":83}},"3":{"start":{"line":15,"column":0},"end":{"line":15,"column":6}},"4":{"start":{"line":17,"column":2},"end":{"line":17,"column":null}},"5":{"start":{"line":21,"column":2},"end":{"line":21,"column":null}},"6":{"start":{"line":19,"column":18},"end":{"line":19,"column":28}},"7":{"start":{"line":27,"column":2},"end":{"line":27,"column":null}},"8":{"start":{"line":23,"column":19},"end":{"line":23,"column":35}},"9":{"start":{"line":23,"column":53},"end":{"line":23,"column":75}},"10":{"start":{"line":30,"column":2},"end":{"line":30,"column":null}},"11":{"start":{"line":33,"column":2},"end":{"line":33,"column":null}},"12":{"start":{"line":15,"column":6},"end":{"line":34,"column":null}},"13":{"start":{"line":34,"column":0},"end":{"line":34,"column":null}},"14":{"start":{"line":36,"column":0},"end":{"line":36,"column":21}}},"fnMap":{"0":{"name":"(anonymous_3)","decl":{"start":{"line":15,"column":0},"end":{"line":15,"column":6}},"loc":{"start":{"line":15,"column":0},"end":{"line":15,"column":6}}},"1":{"name":"(anonymous_5)","decl":{"start":{"line":19,"column":12},"end":{"line":19,"column":18}},"loc":{"start":{"line":19,"column":12},"end":{"line":19,"column":26}}},"2":{"name":"(anonymous_6)","decl":{"start":{"line":23,"column":13},"end":{"line":23,"column":19}},"loc":{"start":{"line":23,"column":13},"end":{"line":23,"column":33}}},"3":{"name":"(anonymous_7)","decl":{"start":{"line":23,"column":35},"end":{"line":23,"column":49}},"loc":{"start":{"line":23,"column":49},"end":{"line":23,"column":67}}}},"branchMap":{},"s":{"0":1,"1":1,"2":1,"3":1,"4":1,"5":1,"6":2,"7":1,"8":2,"9":2,"10":1,"11":1,"12":1,"13":1,"14":1},"f":{"0":6,"1":2,"2":2,"3":2},"b":{}}
,"C:\\Users\\wneto\\Desktop\\Apps\\gorestaurante-api\\src\\modules\\orders\\infra\\typeorm\\entities\\OrdersProducts.ts": {"path":"C:\\Users\\wneto\\Desktop\\Apps\\gorestaurante-api\\src\\modules\\orders\\infra\\typeorm\\entities\\OrdersProducts.ts","statementMap":{"0":{"start":{"line":1,"column":0},"end":{"line":1,"column":null}},"1":{"start":{"line":11,"column":0},"end":{"line":11,"column":65}},"2":{"start":{"line":12,"column":0},"end":{"line":12,"column":71}},"3":{"start":{"line":15,"column":0},"end":{"line":15,"column":6}},"4":{"start":{"line":17,"column":2},"end":{"line":17,"column":null}},"5":{"start":{"line":21,"column":2},"end":{"line":21,"column":null}},"6":{"start":{"line":19,"column":19},"end":{"line":19,"column":26}},"7":{"start":{"line":19,"column":35},"end":{"line":19,"column":56}},"8":{"start":{"line":25,"column":2},"end":{"line":25,"column":null}},"9":{"start":{"line":23,"column":19},"end":{"line":23,"column":28}},"10":{"start":{"line":23,"column":39},"end":{"line":23,"column":62}},"11":{"start":{"line":28,"column":2},"end":{"line":28,"column":null}},"12":{"start":{"line":31,"column":2},"end":{"line":31,"column":null}},"13":{"start":{"line":34,"column":2},"end":{"line":34,"column":null}},"14":{"start":{"line":37,"column":2},"end":{"line":37,"column":null}},"15":{"start":{"line":40,"column":2},"end":{"line":40,"column":null}},"16":{"start":{"line":43,"column":2},"end":{"line":43,"column":null}},"17":{"start":{"line":15,"column":6},"end":{"line":44,"column":null}},"18":{"start":{"line":44,"column":0},"end":{"line":44,"column":null}},"19":{"start":{"line":46,"column":0},"end":{"line":46,"column":30}}},"fnMap":{"0":{"name":"(anonymous_3)","decl":{"start":{"line":15,"column":0},"end":{"line":15,"column":6}},"loc":{"start":{"line":15,"column":0},"end":{"line":15,"column":6}}},"1":{"name":"(anonymous_5)","decl":{"start":{"line":19,"column":13},"end":{"line":19,"column":19}},"loc":{"start":{"line":19,"column":13},"end":{"line":19,"column":24}}},"2":{"name":"(anonymous_6)","decl":{"start":{"line":19,"column":26},"end":{"line":19,"column":31}},"loc":{"start":{"line":19,"column":31},"end":{"line":19,"column":40}}},"3":{"name":"(anonymous_7)","decl":{"start":{"line":23,"column":13},"end":{"line":23,"column":19}},"loc":{"start":{"line":23,"column":13},"end":{"line":23,"column":26}}},"4":{"name":"(anonymous_8)","decl":{"start":{"line":23,"column":28},"end":{"line":23,"column":35}},"loc":{"start":{"line":23,"column":35},"end":{"line":23,"column":46}}}},"branchMap":{},"s":{"0":1,"1":1,"2":1,"3":1,"4":1,"5":1,"6":2,"7":2,"8":1,"9":2,"10":2,"11":1,"12":1,"13":1,"14":1,"15":1,"16":1,"17":1,"18":1,"19":1},"f":{"0":6,"1":2,"2":2,"3":2,"4":2},"b":{}}
,"C:\\Users\\wneto\\Desktop\\Apps\\gorestaurante-api\\src\\modules\\orders\\infra\\typeorm\\repositories\\OrdersRepository.ts": {"path":"C:\\Users\\wneto\\Desktop\\Apps\\gorestaurante-api\\src\\modules\\orders\\infra\\typeorm\\repositories\\OrdersRepository.ts","statementMap":{"0":{"start":{"line":1,"column":0},"end":{"line":1,"column":52}},"1":{"start":{"line":5,"column":0},"end":{"line":5,"column":38}},"2":{"start":{"line":7,"column":0},"end":{"line":7,"column":null}},"3":{"start":{"line":11,"column":4},"end":{"line":11,"column":46}},"4":{"start":{"line":14,"column":15},"end":{"line":23,"column":null}},"5":{"start":{"line":14,"column":24},"end":{"line":14,"column":32}},"6":{"start":{"line":14,"column":34},"end":{"line":14,"column":42}},"7":{"start":{"line":15,"column":10},"end":{"line":18,"column":7}},"8":{"start":{"line":20,"column":4},"end":{"line":20,"column":41}},"9":{"start":{"line":22,"column":4},"end":{"line":22,"column":17}},"10":{"start":{"line":25,"column":15},"end":{"line":29,"column":null}},"11":{"start":{"line":26,"column":22},"end":{"line":26,"column":null}},"12":{"start":{"line":26,"column":10},"end":{"line":26,"column":null}},"13":{"start":{"line":28,"column":4},"end":{"line":28,"column":21}},"14":{"start":{"line":30,"column":0},"end":{"line":30,"column":null}},"15":{"start":{"line":32,"column":0},"end":{"line":32,"column":32}}},"fnMap":{"0":{"name":"(anonymous_14)","decl":{"start":{"line":7,"column":0},"end":{"line":7,"column":null}},"loc":{"start":{"line":7,"column":0},"end":{"line":30,"column":null}}},"1":{"name":"OrdersRepository","decl":{"start":{"line":10,"column":2},"end":{"line":10,"column":null}},"loc":{"start":{"line":10,"column":2},"end":{"line":12,"column":3}}},"2":{"name":"(anonymous_16)","decl":{"start":{"line":14,"column":2},"end":{"line":14,"column":15}},"loc":{"start":{"line":14,"column":61},"end":{"line":23,"column":null}}},"3":{"name":"(anonymous_19)","decl":{"start":{"line":25,"column":2},"end":{"line":25,"column":15}},"loc":{"start":{"line":25,"column":34},"end":{"line":29,"column":null}}}},"branchMap":{"0":{"loc":{"start":{"line":26,"column":22},"end":{"line":26,"column":null}},"type":"switch","locations":[{"start":{"line":26,"column":22},"end":{"line":26,"column":null}}]}},"s":{"0":1,"1":1,"2":1,"3":1,"4":1,"5":3,"6":3,"7":3,"8":6,"9":3,"10":1,"11":0,"12":0,"13":0,"14":1,"15":1},"f":{"0":1,"1":1,"2":3,"3":0},"b":{"0":[0]}}
,"C:\\Users\\wneto\\Desktop\\Apps\\gorestaurante-api\\src\\modules\\orders\\services\\CreateOrderService.ts": {"path":"C:\\Users\\wneto\\Desktop\\Apps\\gorestaurante-api\\src\\modules\\orders\\services\\CreateOrderService.ts","statementMap":{"0":{"start":{"line":1,"column":0},"end":{"line":1,"column":46}},"1":{"start":{"line":3,"column":0},"end":{"line":3,"column":47}},"2":{"start":{"line":21,"column":0},"end":{"line":21,"column":6}},"3":{"start":{"line":24,"column":12},"end":{"line":24,"column":47}},"4":{"start":{"line":26,"column":12},"end":{"line":26,"column":51}},"5":{"start":{"line":28,"column":12},"end":{"line":28,"column":53}},"6":{"start":{"line":31,"column":15},"end":{"line":78,"column":null}},"7":{"start":{"line":31,"column":25},"end":{"line":31,"column":36}},"8":{"start":{"line":31,"column":38},"end":{"line":31,"column":46}},"9":{"start":{"line":32,"column":21},"end":{"line":32,"column":null}},"10":{"start":{"line":32,"column":10},"end":{"line":32,"column":null}},"11":{"start":{"line":34,"column":4},"end":{"line":36,"column":null}},"12":{"start":{"line":35,"column":6},"end":{"line":35,"column":53}},"13":{"start":{"line":38,"column":10},"end":{"line":40,"column":7}},"14":{"start":{"line":39,"column":6},"end":{"line":39,"column":32}},"15":{"start":{"line":42,"column":26},"end":{"line":44,"column":null}},"16":{"start":{"line":42,"column":10},"end":{"line":44,"column":null}},"17":{"start":{"line":46,"column":4},"end":{"line":48,"column":null}},"18":{"start":{"line":47,"column":6},"end":{"line":47,"column":44}},"19":{"start":{"line":50,"column":10},"end":{"line":68,"column":7}},"20":{"start":{"line":51,"column":26},"end":{"line":52,"column":null}},"21":{"start":{"line":52,"column":23},"end":{"line":52,"column":null}},"22":{"start":{"line":55,"column":6},"end":{"line":57,"column":null}},"23":{"start":{"line":56,"column":8},"end":{"line":56,"column":48}},"24":{"start":{"line":59,"column":6},"end":{"line":61,"column":null}},"25":{"start":{"line":60,"column":8},"end":{"line":60,"column":51}},"26":{"start":{"line":63,"column":6},"end":{"line":67,"column":8}},"27":{"start":{"line":70,"column":18},"end":{"line":73,"column":null}},"28":{"start":{"line":70,"column":10},"end":{"line":73,"column":null}},"29":{"start":{"line":75,"column":4},"end":{"line":75,"column":59}},"30":{"start":{"line":77,"column":4},"end":{"line":77,"column":17}},"31":{"start":{"line":21,"column":6},"end":{"line":79,"column":null}},"32":{"start":{"line":79,"column":0},"end":{"line":79,"column":null}},"33":{"start":{"line":81,"column":0},"end":{"line":81,"column":34}}},"fnMap":{"0":{"name":"(anonymous_18)","decl":{"start":{"line":21,"column":0},"end":{"line":21,"column":6}},"loc":{"start":{"line":21,"column":0},"end":{"line":21,"column":6}}},"1":{"name":"CreateOrderService","decl":{"start":{"line":22,"column":2},"end":{"line":22,"column":null}},"loc":{"start":{"line":28,"column":53},"end":{"line":29,"column":6}}},"2":{"name":"(anonymous_20)","decl":{"start":{"line":31,"column":2},"end":{"line":31,"column":15}},"loc":{"start":{"line":31,"column":58},"end":{"line":78,"column":null}}},"3":{"name":"(anonymous_23)","decl":{"start":{"line":38,"column":37},"end":{"line":38,"column":44}},"loc":{"start":{"line":38,"column":44},"end":{"line":40,"column":5}}},"4":{"name":"(anonymous_24)","decl":{"start":{"line":50,"column":43},"end":{"line":50,"column":54}},"loc":{"start":{"line":50,"column":54},"end":{"line":68,"column":5}}},"5":{"name":"(anonymous_25)","decl":{"start":{"line":52,"column":8},"end":{"line":52,"column":19}},"loc":{"start":{"line":52,"column":19},"end":{"line":52,"column":34}}}},"branchMap":{"0":{"loc":{"start":{"line":32,"column":21},"end":{"line":32,"column":null}},"type":"switch","locations":[{"start":{"line":32,"column":21},"end":{"line":32,"column":null}}]},"1":{"loc":{"start":{"line":34,"column":4},"end":{"line":36,"column":null}},"type":"if","locations":[{"start":{"line":34,"column":4},"end":{"line":36,"column":null}},{"start":{"line":34,"column":4},"end":{"line":36,"column":null}}]},"2":{"loc":{"start":{"line":46,"column":4},"end":{"line":48,"column":null}},"type":"if","locations":[{"start":{"line":46,"column":4},"end":{"line":48,"column":null}},{"start":{"line":46,"column":4},"end":{"line":48,"column":null}}]},"3":{"loc":{"start":{"line":55,"column":6},"end":{"line":57,"column":null}},"type":"if","locations":[{"start":{"line":55,"column":6},"end":{"line":57,"column":null}},{"start":{"line":55,"column":6},"end":{"line":57,"column":null}}]},"4":{"loc":{"start":{"line":59,"column":6},"end":{"line":61,"column":null}},"type":"if","locations":[{"start":{"line":59,"column":6},"end":{"line":61,"column":null}},{"start":{"line":59,"column":6},"end":{"line":61,"column":null}}]},"5":{"loc":{"start":{"line":66,"column":18},"end":{"line":66,"column":39}},"type":"binary-expr","locations":[{"start":{"line":66,"column":18},"end":{"line":66,"column":39}},{"start":{"line":66,"column":43},"end":{"line":66,"column":44}}]},"6":{"loc":{"start":{"line":66,"column":29},"end":{"line":66,"column":31}},"type":"cond-expr","locations":[{"start":{"line":66,"column":29},"end":{"line":66,"column":31}},{"start":{"line":66,"column":18},"end":{"line":66,"column":39}}]},"7":{"loc":{"start":{"line":66,"column":18},"end":{"line":66,"column":31}},"type":"binary-expr","locations":[{"start":{"line":66,"column":18},"end":{"line":66,"column":31}},{"start":{"line":66,"column":18},"end":{"line":66,"column":31}}]}},"s":{"0":1,"1":1,"2":1,"3":7,"4":7,"5":7,"6":1,"7":7,"8":7,"9":7,"10":7,"11":7,"12":1,"13":6,"14":6,"15":6,"16":6,"17":6,"18":2,"19":4,"20":4,"21":4,"22":4,"23":0,"24":4,"25":1,"26":3,"27":3,"28":3,"29":5,"30":2,"31":1,"32":1,"33":1},"f":{"0":1,"1":7,"2":7,"3":6,"4":4,"5":4},"b":{"0":[7],"1":[1,6],"2":[2,4],"3":[0,4],"4":[1,3],"5":[3,0],"6":[0,3],"7":[3,3]}}
,"C:\\Users\\wneto\\Desktop\\Apps\\gorestaurante-api\\src\\modules\\orders\\services\\FindOrderService.ts": {"path":"C:\\Users\\wneto\\Desktop\\Apps\\gorestaurante-api\\src\\modules\\orders\\services\\FindOrderService.ts","statementMap":{"0":{"start":{"line":1,"column":0},"end":{"line":1,"column":46}},"1":{"start":{"line":5,"column":0},"end":{"line":5,"column":47}},"2":{"start":{"line":14,"column":0},"end":{"line":14,"column":6}},"3":{"start":{"line":17,"column":12},"end":{"line":17,"column":47}},"4":{"start":{"line":20,"column":12},"end":{"line":20,"column":51}},"5":{"start":{"line":23,"column":12},"end":{"line":23,"column":53}},"6":{"start":{"line":26,"column":15},"end":{"line":34,"column":null}},"7":{"start":{"line":26,"column":25},"end":{"line":26,"column":27}},"8":{"start":{"line":27,"column":18},"end":{"line":27,"column":null}},"9":{"start":{"line":27,"column":10},"end":{"line":27,"column":null}},"10":{"start":{"line":29,"column":4},"end":{"line":31,"column":null}},"11":{"start":{"line":30,"column":6},"end":{"line":30,"column":44}},"12":{"start":{"line":33,"column":4},"end":{"line":33,"column":17}},"13":{"start":{"line":14,"column":6},"end":{"line":35,"column":null}},"14":{"start":{"line":35,"column":0},"end":{"line":35,"column":null}},"15":{"start":{"line":37,"column":0},"end":{"line":37,"column":32}}},"fnMap":{"0":{"name":"(anonymous_18)","decl":{"start":{"line":14,"column":0},"end":{"line":14,"column":6}},"loc":{"start":{"line":14,"column":0},"end":{"line":14,"column":6}}},"1":{"name":"FindOrderService","decl":{"start":{"line":15,"column":2},"end":{"line":15,"column":null}},"loc":{"start":{"line":23,"column":53},"end":{"line":24,"column":6}}},"2":{"name":"(anonymous_20)","decl":{"start":{"line":26,"column":2},"end":{"line":26,"column":15}},"loc":{"start":{"line":26,"column":39},"end":{"line":34,"column":null}}}},"branchMap":{"0":{"loc":{"start":{"line":27,"column":18},"end":{"line":27,"column":null}},"type":"switch","locations":[{"start":{"line":27,"column":18},"end":{"line":27,"column":null}}]},"1":{"loc":{"start":{"line":29,"column":4},"end":{"line":31,"column":null}},"type":"if","locations":[{"start":{"line":29,"column":4},"end":{"line":31,"column":null}},{"start":{"line":29,"column":4},"end":{"line":31,"column":null}}]}},"s":{"0":1,"1":1,"2":1,"3":0,"4":0,"5":0,"6":1,"7":0,"8":0,"9":0,"10":0,"11":0,"12":0,"13":1,"14":1,"15":1},"f":{"0":1,"1":0,"2":0},"b":{"0":[0],"1":[0,0]}}
,"C:\\Users\\wneto\\Desktop\\Apps\\gorestaurante-api\\src\\modules\\products\\infra\\http\\controller\\ProductsController.ts": {"path":"C:\\Users\\wneto\\Desktop\\Apps\\gorestaurante-api\\src\\modules\\products\\infra\\http\\controller\\ProductsController.ts","statementMap":{"0":{"start":{"line":3,"column":0},"end":{"line":3,"column":37}},"1":{"start":{"line":4,"column":0},"end":{"line":4,"column":83}},"2":{"start":{"line":6,"column":0},"end":{"line":6,"column":null}},"3":{"start":{"line":7,"column":15},"end":{"line":19,"column":null}},"4":{"start":{"line":8,"column":10},"end":{"line":8,"column":38}},"5":{"start":{"line":10,"column":10},"end":{"line":10,"column":66}},"6":{"start":{"line":12,"column":20},"end":{"line":16,"column":null}},"7":{"start":{"line":12,"column":10},"end":{"line":16,"column":null}},"8":{"start":{"line":18,"column":4},"end":{"line":18,"column":34}},"9":{"start":{"line":20,"column":0},"end":{"line":20,"column":null}}},"fnMap":{"0":{"name":"(anonymous_14)","decl":{"start":{"line":6,"column":0},"end":{"line":6,"column":null}},"loc":{"start":{"line":6,"column":0},"end":{"line":20,"column":null}}},"1":{"name":"(anonymous_16)","decl":{"start":{"line":7,"column":2},"end":{"line":7,"column":15}},"loc":{"start":{"line":7,"column":58},"end":{"line":19,"column":null}}}},"branchMap":{},"s":{"0":1,"1":1,"2":1,"3":1,"4":6,"5":6,"6":6,"7":6,"8":4,"9":1},"f":{"0":2,"1":6},"b":{}}
,"C:\\Users\\wneto\\Desktop\\Apps\\gorestaurante-api\\src\\modules\\products\\infra\\http\\routes\\products.routes.ts": {"path":"C:\\Users\\wneto\\Desktop\\Apps\\gorestaurante-api\\src\\modules\\products\\infra\\http\\routes\\products.routes.ts","statementMap":{"0":{"start":{"line":1,"column":0},"end":{"line":1,"column":33}},"1":{"start":{"line":3,"column":0},"end":{"line":3,"column":66}},"2":{"start":{"line":5,"column":23},"end":{"line":5,"column":31}},"3":{"start":{"line":6,"column":27},"end":{"line":6,"column":51}},"4":{"start":{"line":8,"column":0},"end":{"line":8,"column":52}},"5":{"start":{"line":10,"column":0},"end":{"line":10,"column":30}}},"fnMap":{},"branchMap":{},"s":{"0":1,"1":1,"2":1,"3":1,"4":1,"5":1},"f":{},"b":{}}
,"C:\\Users\\wneto\\Desktop\\Apps\\gorestaurante-api\\src\\modules\\products\\infra\\typeorm\\entities\\Product.ts": {"path":"C:\\Users\\wneto\\Desktop\\Apps\\gorestaurante-api\\src\\modules\\products\\infra\\typeorm\\entities\\Product.ts","statementMap":{"0":{"start":{"line":1,"column":0},"end":{"line":1,"column":null}},"1":{"start":{"line":10,"column":0},"end":{"line":10,"column":83}},"2":{"start":{"line":13,"column":0},"end":{"line":13,"column":6}},"3":{"start":{"line":15,"column":2},"end":{"line":15,"column":null}},"4":{"start":{"line":18,"column":2},"end":{"line":18,"column":null}},"5":{"start":{"line":21,"column":2},"end":{"line":21,"column":null}},"6":{"start":{"line":24,"column":2},"end":{"line":24,"column":null}},"7":{"start":{"line":27,"column":2},"end":{"line":27,"column":null}},"8":{"start":{"line":26,"column":19},"end":{"line":26,"column":35}},"9":{"start":{"line":26,"column":53},"end":{"line":26,"column":76}},"10":{"start":{"line":30,"column":2},"end":{"line":30,"column":null}},"11":{"start":{"line":33,"column":2},"end":{"line":33,"column":null}},"12":{"start":{"line":13,"column":6},"end":{"line":34,"column":null}},"13":{"start":{"line":34,"column":0},"end":{"line":34,"column":null}},"14":{"start":{"line":36,"column":0},"end":{"line":36,"column":23}}},"fnMap":{"0":{"name":"(anonymous_3)","decl":{"start":{"line":13,"column":0},"end":{"line":13,"column":6}},"loc":{"start":{"line":13,"column":0},"end":{"line":13,"column":6}}},"1":{"name":"(anonymous_5)","decl":{"start":{"line":26,"column":13},"end":{"line":26,"column":19}},"loc":{"start":{"line":26,"column":13},"end":{"line":26,"column":33}}},"2":{"name":"(anonymous_6)","decl":{"start":{"line":26,"column":35},"end":{"line":26,"column":49}},"loc":{"start":{"line":26,"column":49},"end":{"line":26,"column":67}}}},"branchMap":{},"s":{"0":1,"1":1,"2":1,"3":1,"4":1,"5":1,"6":1,"7":1,"8":2,"9":2,"10":1,"11":1,"12":1,"13":1,"14":1},"f":{"0":18,"1":2,"2":2},"b":{}}
,"C:\\Users\\wneto\\Desktop\\Apps\\gorestaurante-api\\src\\modules\\products\\infra\\typeorm\\repositories\\ProductsRepository.ts": {"path":"C:\\Users\\wneto\\Desktop\\Apps\\gorestaurante-api\\src\\modules\\products\\infra\\typeorm\\repositories\\ProductsRepository.ts","statementMap":{"0":{"start":{"line":1,"column":0},"end":{"line":1,"column":52}},"1":{"start":{"line":6,"column":0},"end":{"line":6,"column":42}},"2":{"start":{"line":12,"column":0},"end":{"line":12,"column":null}},"3":{"start":{"line":16,"column":4},"end":{"line":16,"column":48}},"4":{"start":{"line":19,"column":15},"end":{"line":33,"column":null}},"5":{"start":{"line":20,"column":4},"end":{"line":20,"column":8}},"6":{"start":{"line":21,"column":4},"end":{"line":21,"column":9}},"7":{"start":{"line":22,"column":4},"end":{"line":22,"column":12}},"8":{"start":{"line":24,"column":10},"end":{"line":28,"column":7}},"9":{"start":{"line":30,"column":4},"end":{"line":30,"column":43}},"10":{"start":{"line":32,"column":4},"end":{"line":32,"column":19}},"11":{"start":{"line":35,"column":15},"end":{"line":41,"column":null}},"12":{"start":{"line":36,"column":24},"end":{"line":38,"column":null}},"13":{"start":{"line":36,"column":10},"end":{"line":38,"column":null}},"14":{"start":{"line":40,"column":4},"end":{"line":40,"column":23}},"15":{"start":{"line":43,"column":15},"end":{"line":47,"column":null}},"16":{"start":{"line":44,"column":25},"end":{"line":44,"column":null}},"17":{"start":{"line":44,"column":10},"end":{"line":44,"column":null}},"18":{"start":{"line":46,"column":4},"end":{"line":46,"column":24}},"19":{"start":{"line":49,"column":15},"end":{"line":66,"column":null}},"20":{"start":{"line":52,"column":25},"end":{"line":54,"column":null}},"21":{"start":{"line":53,"column":30},"end":{"line":53,"column":51}},"22":{"start":{"line":52,"column":10},"end":{"line":54,"column":null}},"23":{"start":{"line":56,"column":10},"end":{"line":61,"column":8}},"24":{"start":{"line":56,"column":56},"end":{"line":61,"column":7}},"25":{"start":{"line":60,"column":26},"end":{"line":60,"column":28}},"26":{"start":{"line":60,"column":35},"end":{"line":60,"column":53}},"27":{"start":{"line":63,"column":4},"end":{"line":63,"column":51}},"28":{"start":{"line":65,"column":4},"end":{"line":65,"column":27}},"29":{"start":{"line":67,"column":0},"end":{"line":67,"column":null}},"30":{"start":{"line":69,"column":0},"end":{"line":69,"column":34}}},"fnMap":{"0":{"name":"(anonymous_16)","decl":{"start":{"line":12,"column":0},"end":{"line":12,"column":null}},"loc":{"start":{"line":12,"column":0},"end":{"line":67,"column":null}}},"1":{"name":"ProductsRepository","decl":{"start":{"line":15,"column":2},"end":{"line":15,"column":null}},"loc":{"start":{"line":15,"column":2},"end":{"line":17,"column":3}}},"2":{"name":"(anonymous_18)","decl":{"start":{"line":19,"column":2},"end":{"line":19,"column":15}},"loc":{"start":{"line":23,"column":22},"end":{"line":33,"column":null}}},"3":{"name":"(anonymous_21)","decl":{"start":{"line":35,"column":2},"end":{"line":35,"column":15}},"loc":{"start":{"line":35,"column":38},"end":{"line":41,"column":null}}},"4":{"name":"(anonymous_24)","decl":{"start":{"line":43,"column":2},"end":{"line":43,"column":15}},"loc":{"start":{"line":43,"column":52},"end":{"line":47,"column":null}}},"5":{"name":"(anonymous_27)","decl":{"start":{"line":49,"column":2},"end":{"line":49,"column":15}},"loc":{"start":{"line":50,"column":42},"end":{"line":66,"column":null}}},"6":{"name":"(anonymous_30)","decl":{"start":{"line":53,"column":19},"end":{"line":53,"column":26}},"loc":{"start":{"line":53,"column":26},"end":{"line":53,"column":31}}},"7":{"name":"(anonymous_31)","decl":{"start":{"line":56,"column":45},"end":{"line":56,"column":52}},"loc":{"start":{"line":56,"column":52},"end":{"line":61,"column":7}}},"8":{"name":"(anonymous_32)","decl":{"start":{"line":60,"column":23},"end":{"line":60,"column":24}},"loc":{"start":{"line":60,"column":30},"end":{"line":60,"column":37}}}},"branchMap":{"0":{"loc":{"start":{"line":36,"column":24},"end":{"line":38,"column":null}},"type":"switch","locations":[{"start":{"line":36,"column":24},"end":{"line":38,"column":null}}]},"1":{"loc":{"start":{"line":44,"column":25},"end":{"line":44,"column":null}},"type":"switch","locations":[{"start":{"line":44,"column":25},"end":{"line":44,"column":null}}]},"2":{"loc":{"start":{"line":52,"column":25},"end":{"line":54,"column":null}},"type":"switch","locations":[{"start":{"line":52,"column":25},"end":{"line":54,"column":null}}]},"3":{"loc":{"start":{"line":60,"column":9},"end":{"line":60,"column":63}},"type":"binary-expr","locations":[{"start":{"line":60,"column":9},"end":{"line":60,"column":63}},{"start":{"line":60,"column":67},"end":{"line":60,"column":68}}]},"4":{"loc":{"start":{"line":60,"column":53},"end":{"line":60,"column":55}},"type":"cond-expr","locations":[{"start":{"line":60,"column":53},"end":{"line":60,"column":55}},{"start":{"line":60,"column":53},"end":{"line":60,"column":63}}]},"5":{"loc":{"start":{"line":60,"column":9},"end":{"line":60,"column":55}},"type":"binary-expr","locations":[{"start":{"line":60,"column":9},"end":{"line":60,"column":55}},{"start":{"line":60,"column":53},"end":{"line":60,"column":55}}]}},"s":{"0":1,"1":1,"2":1,"3":1,"4":1,"5":4,"6":4,"7":4,"8":4,"9":8,"10":4,"11":1,"12":6,"13":6,"14":4,"15":1,"16":9,"17":9,"18":9,"19":1,"20":3,"21":3,"22":3,"23":3,"24":3,"25":3,"26":3,"27":5,"28":2,"29":1,"30":1},"f":{"0":1,"1":1,"2":4,"3":6,"4":9,"5":3,"6":3,"7":3,"8":3},"b":{"0":[6],"1":[9],"2":[3],"3":[3,0],"4":[0,3],"5":[3,3]}}
,"C:\\Users\\wneto\\Desktop\\Apps\\gorestaurante-api\\src\\modules\\products\\services\\CreateProductService.ts": {"path":"C:\\Users\\wneto\\Desktop\\Apps\\gorestaurante-api\\src\\modules\\products\\services\\CreateProductService.ts","statementMap":{"0":{"start":{"line":1,"column":0},"end":{"line":1,"column":46}},"1":{"start":{"line":3,"column":0},"end":{"line":3,"column":47}},"2":{"start":{"line":15,"column":0},"end":{"line":15,"column":6}},"3":{"start":{"line":18,"column":12},"end":{"line":18,"column":51}},"4":{"start":{"line":21,"column":15},"end":{"line":35,"column":null}},"5":{"start":{"line":21,"column":25},"end":{"line":21,"column":29}},"6":{"start":{"line":21,"column":31},"end":{"line":21,"column":36}},"7":{"start":{"line":21,"column":38},"end":{"line":21,"column":46}},"8":{"start":{"line":22,"column":30},"end":{"line":22,"column":null}},"9":{"start":{"line":22,"column":10},"end":{"line":22,"column":null}},"10":{"start":{"line":24,"column":4},"end":{"line":26,"column":null}},"11":{"start":{"line":25,"column":6},"end":{"line":25,"column":52}},"12":{"start":{"line":28,"column":20},"end":{"line":32,"column":null}},"13":{"start":{"line":28,"column":10},"end":{"line":32,"column":null}},"14":{"start":{"line":34,"column":4},"end":{"line":34,"column":19}},"15":{"start":{"line":15,"column":6},"end":{"line":36,"column":null}},"16":{"start":{"line":36,"column":0},"end":{"line":36,"column":null}},"17":{"start":{"line":38,"column":0},"end":{"line":38,"column":36}}},"fnMap":{"0":{"name":"(anonymous_18)","decl":{"start":{"line":15,"column":0},"end":{"line":15,"column":6}},"loc":{"start":{"line":15,"column":0},"end":{"line":15,"column":6}}},"1":{"name":"CreateProductService","decl":{"start":{"line":16,"column":2},"end":{"line":16,"column":null}},"loc":{"start":{"line":18,"column":51},"end":{"line":19,"column":6}}},"2":{"name":"(anonymous_20)","decl":{"start":{"line":21,"column":2},"end":{"line":21,"column":15}},"loc":{"start":{"line":21,"column":58},"end":{"line":35,"column":null}}}},"branchMap":{"0":{"loc":{"start":{"line":22,"column":30},"end":{"line":22,"column":null}},"type":"switch","locations":[{"start":{"line":22,"column":30},"end":{"line":22,"column":null}}]},"1":{"loc":{"start":{"line":24,"column":4},"end":{"line":26,"column":null}},"type":"if","locations":[{"start":{"line":24,"column":4},"end":{"line":26,"column":null}},{"start":{"line":24,"column":4},"end":{"line":26,"column":null}}]}},"s":{"0":1,"1":1,"2":1,"3":6,"4":1,"5":6,"6":6,"7":6,"8":6,"9":6,"10":4,"11":0,"12":4,"13":4,"14":4,"15":1,"16":1,"17":1},"f":{"0":1,"1":6,"2":6},"b":{"0":[6],"1":[0,4]}}
,"C:\\Users\\wneto\\Desktop\\Apps\\gorestaurante-api\\src\\shared\\container\\index.ts": {"path":"C:\\Users\\wneto\\Desktop\\Apps\\gorestaurante-api\\src\\shared\\container\\index.ts","statementMap":{"0":{"start":{"line":1,"column":0},"end":{"line":1,"column":37}},"1":{"start":{"line":4,"column":0},"end":{"line":4,"column":100}},"2":{"start":{"line":7,"column":0},"end":{"line":7,"column":97}},"3":{"start":{"line":10,"column":0},"end":{"line":10,"column":91}},"4":{"start":{"line":12,"column":0},"end":{"line":15,"column":2}},"5":{"start":{"line":17,"column":0},"end":{"line":20,"column":2}},"6":{"start":{"line":22,"column":0},"end":{"line":25,"column":2}}},"fnMap":{},"branchMap":{},"s":{"0":1,"1":1,"2":1,"3":1,"4":1,"5":1,"6":1},"f":{},"b":{}}
,"C:\\Users\\wneto\\Desktop\\Apps\\gorestaurante-api\\src\\shared\\errors\\AppError.ts": {"path":"C:\\Users\\wneto\\Desktop\\Apps\\gorestaurante-api\\src\\shared\\errors\\AppError.ts","statementMap":{"0":{"start":{"line":1,"column":0},"end":{"line":1,"column":null}},"1":{"start":{"line":6,"column":31},"end":{"line":6,"column":null}},"2":{"start":{"line":7,"column":4},"end":{"line":7,"column":27}},"3":{"start":{"line":8,"column":4},"end":{"line":8,"column":33}},"4":{"start":{"line":10,"column":0},"end":{"line":10,"column":null}},"5":{"start":{"line":12,"column":0},"end":{"line":12,"column":24}}},"fnMap":{"0":{"name":"(anonymous_0)","decl":{"start":{"line":1,"column":0},"end":{"line":1,"column":null}},"loc":{"start":{"line":1,"column":0},"end":{"line":10,"column":null}}},"1":{"name":"AppError","decl":{"start":{"line":6,"column":2},"end":{"line":6,"column":14}},"loc":{"start":{"line":6,"column":47},"end":{"line":9,"column":3}}}},"branchMap":{"0":{"loc":{"start":{"line":6,"column":31},"end":{"line":6,"column":null}},"type":"if","locations":[{"start":{"line":6,"column":31},"end":{"line":6,"column":null}},{"start":{"line":6,"column":31},"end":{"line":6,"column":null}}]}},"s":{"0":1,"1":8,"2":4,"3":4,"4":1,"5":1},"f":{"0":1,"1":4},"b":{"0":[4,0]}}
,"C:\\Users\\wneto\\Desktop\\Apps\\gorestaurante-api\\src\\shared\\infra\\http\\app.ts": {"path":"C:\\Users\\wneto\\Desktop\\Apps\\gorestaurante-api\\src\\shared\\infra\\http\\app.ts","statementMap":{"0":{"start":{"line":1,"column":0},"end":{"line":1,"column":26}},"1":{"start":{"line":3,"column":0},"end":{"line":3,"column":67}},"2":{"start":{"line":4,"column":0},"end":{"line":4,"column":30}},"3":{"start":{"line":5,"column":0},"end":{"line":5,"column":24}},"4":{"start":{"line":7,"column":0},"end":{"line":7,"column":47}},"5":{"start":{"line":8,"column":0},"end":{"line":8,"column":53}},"6":{"start":{"line":9,"column":0},"end":{"line":9,"column":30}},"7":{"start":{"line":11,"column":0},"end":{"line":11,"column":27}},"8":{"start":{"line":13,"column":0},"end":{"line":13,"column":19}},"9":{"start":{"line":15,"column":12},"end":{"line":15,"column":21}},"10":{"start":{"line":17,"column":0},"end":{"line":17,"column":16}},"11":{"start":{"line":18,"column":0},"end":{"line":18,"column":24}},"12":{"start":{"line":19,"column":0},"end":{"line":19,"column":16}},"13":{"start":{"line":21,"column":0},"end":{"line":35,"column":3}},"14":{"start":{"line":22,"column":2},"end":{"line":27,"column":null}},"15":{"start":{"line":23,"column":4},"end":{"line":26,"column":7}},"16":{"start":{"line":29,"column":2},"end":{"line":29,"column":19}},"17":{"start":{"line":31,"column":2},"end":{"line":34,"column":5}},"18":{"start":{"line":37,"column":0},"end":{"line":37,"column":19}}},"fnMap":{"0":{"name":"(anonymous_1)","decl":{"start":{"line":21,"column":8},"end":{"line":21,"column":9}},"loc":{"start":{"line":21,"column":74},"end":{"line":35,"column":1}}}},"branchMap":{"0":{"loc":{"start":{"line":22,"column":2},"end":{"line":27,"column":null}},"type":"if","locations":[{"start":{"line":22,"column":2},"end":{"line":27,"column":null}},{"start":{"line":22,"column":2},"end":{"line":27,"column":null}}]}},"s":{"0":1,"1":1,"2":1,"3":1,"4":1,"5":1,"6":1,"7":1,"8":1,"9":1,"10":1,"11":1,"12":1,"13":1,"14":8,"15":4,"16":4,"17":4,"18":1},"f":{"0":8},"b":{"0":[4,4]}}
,"C:\\Users\\wneto\\Desktop\\Apps\\gorestaurante-api\\src\\shared\\infra\\http\\routes\\index.ts": {"path":"C:\\Users\\wneto\\Desktop\\Apps\\gorestaurante-api\\src\\shared\\infra\\http\\routes\\index.ts","statementMap":{"0":{"start":{"line":1,"column":0},"end":{"line":1,"column":33}},"1":{"start":{"line":2,"column":0},"end":{"line":2,"column":84}},"2":{"start":{"line":3,"column":0},"end":{"line":3,"column":81}},"3":{"start":{"line":4,"column":0},"end":{"line":4,"column":75}},"4":{"start":{"line":6,"column":15},"end":{"line":6,"column":23}},"5":{"start":{"line":8,"column":0},"end":{"line":8,"column":42}},"6":{"start":{"line":9,"column":0},"end":{"line":9,"column":40}},"7":{"start":{"line":10,"column":0},"end":{"line":10,"column":36}},"8":{"start":{"line":12,"column":0},"end":{"line":12,"column":22}}},"fnMap":{},"branchMap":{},"s":{"0":1,"1":1,"2":1,"3":1,"4":1,"5":1,"6":1,"7":1,"8":1},"f":{},"b":{}}
,"C:\\Users\\wneto\\Desktop\\Apps\\gorestaurante-api\\src\\shared\\infra\\typeorm\\index.ts": {"path":"C:\\Users\\wneto\\Desktop\\Apps\\gorestaurante-api\\src\\shared\\infra\\typeorm\\index.ts","statementMap":{"0":{"start":{"line":1,"column":0},"end":{"line":1,"column":77}},"1":{"start":{"line":3,"column":0},"end":{"line":15,"column":2}},"2":{"start":{"line":3,"column":22},"end":{"line":3,"column":null}},"3":{"start":{"line":4,"column":25},"end":{"line":4,"column":null}},"4":{"start":{"line":4,"column":8},"end":{"line":4,"column":null}},"5":{"start":{"line":6,"column":2},"end":{"line":14,"column":4}}},"fnMap":{"0":{"name":"(anonymous_13)","decl":{"start":{"line":3,"column":15},"end":{"line":3,"column":22}},"loc":{"start":{"line":3,"column":38},"end":{"line":15,"column":2}}}},"branchMap":{"0":{"loc":{"start":{"line":3,"column":22},"end":{"line":3,"column":null}},"type":"if","locations":[{"start":{"line":3,"column":22},"end":{"line":3,"column":null}},{"start":{"line":3,"column":22},"end":{"line":3,"column":null}}]},"1":{"loc":{"start":{"line":4,"column":25},"end":{"line":4,"column":null}},"type":"switch","locations":[{"start":{"line":4,"column":25},"end":{"line":4,"column":null}}]},"2":{"loc":{"start":{"line":11,"column":12},"end":{"line":11,"column":37}},"type":"cond-expr","locations":[{"start":{"line":11,"column":12},"end":{"line":11,"column":37}},{"start":{"line":12,"column":12},"end":{"line":12,"column":35}}]}},"s":{"0":1,"1":1,"2":3,"3":2,"4":2,"5":2},"f":{"0":2},"b":{"0":[1,1],"1":[2],"2":[2,0]}}
,"C:\\Users\\wneto\\Desktop\\Apps\\gorestaurante-api\\src\\shared\\infra\\typeorm\\migrations\\1591720368189-CreateCustomer.ts": {"path":"C:\\Users\\wneto\\Desktop\\Apps\\gorestaurante-api\\src\\shared\\infra\\typeorm\\migrations\\1591720368189-CreateCustomer.ts","statementMap":{"0":{"start":{"line":1,"column":0},"end":{"line":1,"column":65}},"1":{"start":{"line":3,"column":0},"end":{"line":3,"column":null}},"2":{"start":{"line":4,"column":15},"end":{"line":38,"column":null}},"3":{"start":{"line":5,"column":4},"end":{"line":37,"column":6}},"4":{"start":{"line":40,"column":15},"end":{"line":42,"column":null}},"5":{"start":{"line":41,"column":4},"end":{"line":41,"column":45}},"6":{"start":{"line":43,"column":0},"end":{"line":43,"column":null}}},"fnMap":{"0":{"name":"(anonymous_13)","decl":{"start":{"line":3,"column":0},"end":{"line":3,"column":null}},"loc":{"start":{"line":3,"column":0},"end":{"line":43,"column":null}}},"1":{"name":"(anonymous_15)","decl":{"start":{"line":4,"column":2},"end":{"line":4,"column":15}},"loc":{"start":{"line":4,"column":42},"end":{"line":38,"column":null}}},"2":{"name":"(anonymous_18)","decl":{"start":{"line":40,"column":2},"end":{"line":40,"column":15}},"loc":{"start":{"line":40,"column":44},"end":{"line":42,"column":null}}}},"branchMap":{"0":{"loc":{"start":{"line":5,"column":4},"end":{"line":37,"column":6}},"type":"switch","locations":[{"start":{"line":5,"column":4},"end":{"line":37,"column":6}}]},"1":{"loc":{"start":{"line":41,"column":4},"end":{"line":41,"column":45}},"type":"switch","locations":[{"start":{"line":41,"column":4},"end":{"line":41,"column":45}}]}},"s":{"0":1,"1":1,"2":1,"3":2,"4":1,"5":0,"6":1},"f":{"0":2,"1":1,"2":0},"b":{"0":[1],"1":[0]}}
,"C:\\Users\\wneto\\Desktop\\Apps\\gorestaurante-api\\src\\shared\\infra\\typeorm\\migrations\\1591722496295-CreateProduct.ts": {"path":"C:\\Users\\wneto\\Desktop\\Apps\\gorestaurante-api\\src\\shared\\infra\\typeorm\\migrations\\1591722496295-CreateProduct.ts","statementMap":{"0":{"start":{"line":1,"column":0},"end":{"line":1,"column":65}},"1":{"start":{"line":3,"column":0},"end":{"line":3,"column":null}},"2":{"start":{"line":4,"column":15},"end":{"line":44,"column":null}},"3":{"start":{"line":5,"column":4},"end":{"line":43,"column":6}},"4":{"start":{"line":46,"column":15},"end":{"line":48,"column":null}},"5":{"start":{"line":47,"column":4},"end":{"line":47,"column":44}},"6":{"start":{"line":49,"column":0},"end":{"line":49,"column":null}}},"fnMap":{"0":{"name":"(anonymous_13)","decl":{"start":{"line":3,"column":0},"end":{"line":3,"column":null}},"loc":{"start":{"line":3,"column":0},"end":{"line":49,"column":null}}},"1":{"name":"(anonymous_15)","decl":{"start":{"line":4,"column":2},"end":{"line":4,"column":15}},"loc":{"start":{"line":4,"column":42},"end":{"line":44,"column":null}}},"2":{"name":"(anonymous_18)","decl":{"start":{"line":46,"column":2},"end":{"line":46,"column":15}},"loc":{"start":{"line":46,"column":44},"end":{"line":48,"column":null}}}},"branchMap":{"0":{"loc":{"start":{"line":5,"column":4},"end":{"line":43,"column":6}},"type":"switch","locations":[{"start":{"line":5,"column":4},"end":{"line":43,"column":6}}]},"1":{"loc":{"start":{"line":47,"column":4},"end":{"line":47,"column":44}},"type":"switch","locations":[{"start":{"line":47,"column":4},"end":{"line":47,"column":44}}]}},"s":{"0":1,"1":1,"2":1,"3":2,"4":1,"5":0,"6":1},"f":{"0":2,"1":1,"2":0},"b":{"0":[1],"1":[0]}}
,"C:\\Users\\wneto\\Desktop\\Apps\\gorestaurante-api\\src\\shared\\infra\\typeorm\\migrations\\1591727408199-CreateOrder.ts": {"path":"C:\\Users\\wneto\\Desktop\\Apps\\gorestaurante-api\\src\\shared\\infra\\typeorm\\migrations\\1591727408199-CreateOrder.ts","statementMap":{"0":{"start":{"line":1,"column":0},"end":{"line":1,"column":65}},"1":{"start":{"line":3,"column":0},"end":{"line":3,"column":null}},"2":{"start":{"line":4,"column":15},"end":{"line":43,"column":null}},"3":{"start":{"line":5,"column":4},"end":{"line":42,"column":6}},"4":{"start":{"line":45,"column":15},"end":{"line":47,"column":null}},"5":{"start":{"line":46,"column":4},"end":{"line":46,"column":42}},"6":{"start":{"line":48,"column":0},"end":{"line":48,"column":null}}},"fnMap":{"0":{"name":"(anonymous_13)","decl":{"start":{"line":3,"column":0},"end":{"line":3,"column":null}},"loc":{"start":{"line":3,"column":0},"end":{"line":48,"column":null}}},"1":{"name":"(anonymous_15)","decl":{"start":{"line":4,"column":2},"end":{"line":4,"column":15}},"loc":{"start":{"line":4,"column":42},"end":{"line":43,"column":null}}},"2":{"name":"(anonymous_18)","decl":{"start":{"line":45,"column":2},"end":{"line":45,"column":15}},"loc":{"start":{"line":45,"column":44},"end":{"line":47,"column":null}}}},"branchMap":{"0":{"loc":{"start":{"line":5,"column":4},"end":{"line":42,"column":6}},"type":"switch","locations":[{"start":{"line":5,"column":4},"end":{"line":42,"column":6}}]},"1":{"loc":{"start":{"line":46,"column":4},"end":{"line":46,"column":42}},"type":"switch","locations":[{"start":{"line":46,"column":4},"end":{"line":46,"column":42}}]}},"s":{"0":1,"1":1,"2":1,"3":2,"4":1,"5":0,"6":1},"f":{"0":2,"1":1,"2":0},"b":{"0":[1],"1":[0]}}
,"C:\\Users\\wneto\\Desktop\\Apps\\gorestaurante-api\\src\\shared\\infra\\typeorm\\migrations\\1591728276115-CreateOrdersProducts.ts": {"path":"C:\\Users\\wneto\\Desktop\\Apps\\gorestaurante-api\\src\\shared\\infra\\typeorm\\migrations\\1591728276115-CreateOrdersProducts.ts","statementMap":{"0":{"start":{"line":1,"column":0},"end":{"line":1,"column":65}},"1":{"start":{"line":3,"column":0},"end":{"line":3,"column":null}},"2":{"start":{"line":5,"column":15},"end":{"line":66,"column":null}},"3":{"start":{"line":6,"column":4},"end":{"line":65,"column":6}},"4":{"start":{"line":68,"column":15},"end":{"line":70,"column":null}},"5":{"start":{"line":69,"column":4},"end":{"line":69,"column":51}},"6":{"start":{"line":71,"column":0},"end":{"line":71,"column":null}}},"fnMap":{"0":{"name":"(anonymous_13)","decl":{"start":{"line":3,"column":0},"end":{"line":3,"column":null}},"loc":{"start":{"line":3,"column":0},"end":{"line":71,"column":null}}},"1":{"name":"(anonymous_15)","decl":{"start":{"line":5,"column":2},"end":{"line":5,"column":15}},"loc":{"start":{"line":5,"column":42},"end":{"line":66,"column":null}}},"2":{"name":"(anonymous_18)","decl":{"start":{"line":68,"column":2},"end":{"line":68,"column":15}},"loc":{"start":{"line":68,"column":44},"end":{"line":70,"column":null}}}},"branchMap":{"0":{"loc":{"start":{"line":6,"column":4},"end":{"line":65,"column":6}},"type":"switch","locations":[{"start":{"line":6,"column":4},"end":{"line":65,"column":6}}]},"1":{"loc":{"start":{"line":69,"column":4},"end":{"line":69,"column":51}},"type":"switch","locations":[{"start":{"line":69,"column":4},"end":{"line":69,"column":51}}]}},"s":{"0":1,"1":1,"2":1,"3":2,"4":1,"5":0,"6":1},"f":{"0":2,"1":1,"2":0},"b":{"0":[1],"1":[0]}}
}
