TN:
SF:src\modules\customers\infra\http\controller\CustomersController.ts
FN:7,(anonymous_14)
FN:8,(anonymous_16)
FNF:2
FNH:2
FNDA:2,(anonymous_14)
FNDA:7,(anonymous_16)
DA:3,1
DA:5,1
DA:7,1
DA:8,1
DA:9,7
DA:11,7
DA:13,7
DA:18,5
DA:20,1
LF:9
LH:9
BRF:0
BRH:0
end_of_record
TN:
SF:src\modules\customers\infra\http\routes\customers.routes.ts
FNF:0
FNH:0
DA:1,1
DA:3,1
DA:5,1
DA:6,1
DA:8,1
DA:10,1
LF:6
LH:6
BRF:0
BRH:0
end_of_record
TN:
SF:src\modules\customers\infra\typeorm\entities\Customer.ts
FN:10,(anonymous_2)
FNF:1
FNH:1
FNDA:17,(anonymous_2)
DA:1,1
DA:10,1
DA:12,1
DA:15,1
DA:18,1
DA:21,1
DA:24,1
DA:25,1
DA:27,1
LF:9
LH:9
BRF:0
BRH:0
end_of_record
TN:
SF:src\modules\customers\infra\typeorm\repositories\CustomersRepository.ts
FN:7,(anonymous_14)
FN:10,CustomersRepository
FN:14,(anonymous_16)
FN:25,(anonymous_19)
FN:31,(anonymous_22)
FNF:5
FNH:5
FNDA:1,(anonymous_14)
FNDA:1,CustomersRepository
FNDA:5,(anonymous_16)
FNDA:7,(anonymous_19)
FNDA:7,(anonymous_22)
DA:1,1
DA:5,1
DA:7,1
DA:11,1
DA:14,5
DA:15,5
DA:20,10
DA:22,5
DA:25,1
DA:26,7
DA:28,7
DA:31,1
DA:32,7
DA:38,5
DA:40,1
DA:42,1
LF:16
LH:16
BRDA:26,0,0,7
BRDA:32,1,0,7
BRF:2
BRH:2
end_of_record
TN:
SF:src\modules\customers\services\CreateCustomerService.ts
FN:14,(anonymous_18)
FN:15,CreateCustomerService
FN:20,(anonymous_20)
FNF:3
FNH:3
FNDA:1,(anonymous_18)
FNDA:7,CreateCustomerService
FNDA:7,(anonymous_20)
DA:1,1
DA:3,1
DA:14,1
DA:17,7
DA:20,7
DA:21,7
DA:25,5
DA:26,0
DA:29,5
DA:34,5
DA:36,1
DA:38,1
LF:12
LH:11
BRDA:21,0,0,7
BRDA:25,1,0,0
BRDA:25,1,1,5
BRF:3
BRH:2
end_of_record
TN:
SF:src\modules\orders\infra\http\controller\OrdersController.ts
FN:8,(anonymous_14)
FN:9,(anonymous_16)
FN:21,(anonymous_19)
FNF:3
FNH:2
FNDA:2,(anonymous_14)
FNDA:0,(anonymous_16)
FNDA:7,(anonymous_19)
DA:3,1
DA:5,1
DA:6,1
DA:8,1
DA:9,1
DA:10,0
DA:12,0
DA:14,0
DA:18,0
DA:21,1
DA:22,7
DA:24,7
DA:26,7
DA:31,2
DA:33,1
LF:15
LH:11
BRF:0
BRH:0
end_of_record
TN:
SF:src\modules\orders\infra\http\routes\orders.routes.ts
FNF:0
FNH:0
DA:1,1
DA:3,1
DA:5,1
DA:6,1
DA:8,1
DA:9,1
DA:11,1
LF:7
LH:7
BRF:0
BRH:0
end_of_record
TN:
SF:src\modules\orders\infra\typeorm\entities\Order.ts
FN:15,(anonymous_3)
FN:19,(anonymous_5)
FN:23,(anonymous_6)
FN:23,(anonymous_7)
FNF:4
FNH:4
FNDA:6,(anonymous_3)
FNDA:2,(anonymous_5)
FNDA:2,(anonymous_6)
FNDA:2,(anonymous_7)
DA:1,1
DA:11,1
DA:12,1
DA:15,1
DA:17,1
DA:19,2
DA:21,1
DA:23,2
DA:27,1
DA:30,1
DA:33,1
DA:34,1
DA:36,1
LF:13
LH:13
BRF:0
BRH:0
end_of_record
TN:
SF:src\modules\orders\infra\typeorm\entities\OrdersProducts.ts
FN:15,(anonymous_3)
FN:19,(anonymous_5)
FN:19,(anonymous_6)
FN:23,(anonymous_7)
FN:23,(anonymous_8)
FNF:5
FNH:5
FNDA:6,(anonymous_3)
FNDA:2,(anonymous_5)
FNDA:2,(anonymous_6)
FNDA:2,(anonymous_7)
FNDA:2,(anonymous_8)
DA:1,1
DA:11,1
DA:12,1
DA:15,1
DA:17,1
DA:19,2
DA:21,1
DA:23,2
DA:25,1
DA:28,1
DA:31,1
DA:34,1
DA:37,1
DA:40,1
DA:43,1
DA:44,1
DA:46,1
LF:17
LH:17
BRF:0
BRH:0
end_of_record
TN:
SF:src\modules\orders\infra\typeorm\repositories\OrdersRepository.ts
FN:7,(anonymous_14)
FN:10,OrdersRepository
FN:14,(anonymous_16)
FN:25,(anonymous_19)
FNF:4
FNH:3
FNDA:1,(anonymous_14)
FNDA:1,OrdersRepository
FNDA:3,(anonymous_16)
FNDA:0,(anonymous_19)
DA:1,1
DA:5,1
DA:7,1
DA:11,1
DA:14,3
DA:15,3
DA:20,6
DA:22,3
DA:25,1
DA:26,0
DA:28,0
DA:30,1
DA:32,1
LF:13
LH:11
BRDA:26,0,0,0
BRF:1
BRH:0
end_of_record
TN:
SF:src\modules\orders\services\CreateOrderService.ts
FN:21,(anonymous_18)
FN:22,CreateOrderService
FN:31,(anonymous_20)
FN:38,(anonymous_23)
FN:50,(anonymous_24)
FN:52,(anonymous_25)
FNF:6
FNH:6
FNDA:1,(anonymous_18)
FNDA:7,CreateOrderService
FNDA:7,(anonymous_20)
FNDA:6,(anonymous_23)
FNDA:4,(anonymous_24)
FNDA:4,(anonymous_25)
DA:1,1
DA:3,1
DA:21,1
DA:24,7
DA:26,7
DA:28,7
DA:31,7
DA:32,7
DA:34,7
DA:35,1
DA:38,6
DA:39,6
DA:42,6
DA:46,6
DA:47,2
DA:50,4
DA:51,4
DA:52,4
DA:55,4
DA:56,0
DA:59,4
DA:60,1
DA:63,3
DA:70,3
DA:75,5
DA:77,2
DA:79,1
DA:81,1
LF:28
LH:27
BRDA:32,0,0,7
BRDA:34,1,0,1
BRDA:34,1,1,6
BRDA:46,2,0,2
BRDA:46,2,1,4
BRDA:55,3,0,0
BRDA:55,3,1,4
BRDA:59,4,0,1
BRDA:59,4,1,3
BRDA:66,5,0,3
BRDA:66,5,1,0
BRDA:66,6,0,0
BRDA:66,6,1,3
BRDA:66,7,0,3
BRDA:66,7,1,3
BRF:15
BRH:12
end_of_record
TN:
SF:src\modules\orders\services\FindOrderService.ts
FN:14,(anonymous_18)
FN:15,FindOrderService
FN:26,(anonymous_20)
FNF:3
FNH:1
FNDA:1,(anonymous_18)
FNDA:0,FindOrderService
FNDA:0,(anonymous_20)
DA:1,1
DA:5,1
DA:14,1
DA:17,0
DA:20,0
DA:23,0
DA:26,1
DA:27,0
DA:29,0
DA:30,0
DA:33,0
DA:35,1
DA:37,1
LF:13
LH:6
BRDA:27,0,0,0
BRDA:29,1,0,0
BRDA:29,1,1,0
BRF:3
BRH:0
end_of_record
TN:
SF:src\modules\products\infra\http\controller\ProductsController.ts
FN:6,(anonymous_14)
FN:7,(anonymous_16)
FNF:2
FNH:2
FNDA:2,(anonymous_14)
FNDA:6,(anonymous_16)
DA:3,1
DA:4,1
DA:6,1
DA:7,1
DA:8,6
DA:10,6
DA:12,6
DA:18,4
DA:20,1
LF:9
LH:9
BRF:0
BRH:0
end_of_record
TN:
SF:src\modules\products\infra\http\routes\products.routes.ts
FNF:0
FNH:0
DA:1,1
DA:3,1
DA:5,1
DA:6,1
DA:8,1
DA:10,1
LF:6
LH:6
BRF:0
BRH:0
end_of_record
TN:
SF:src\modules\products\infra\typeorm\entities\Product.ts
FN:13,(anonymous_3)
FN:26,(anonymous_5)
FN:26,(anonymous_6)
FNF:3
FNH:3
FNDA:18,(anonymous_3)
FNDA:2,(anonymous_5)
FNDA:2,(anonymous_6)
DA:1,1
DA:10,1
DA:13,1
DA:15,1
DA:18,1
DA:21,1
DA:24,1
DA:26,2
DA:27,1
DA:30,1
DA:33,1
DA:34,1
DA:36,1
LF:13
LH:13
BRF:0
BRH:0
end_of_record
TN:
SF:src\modules\products\infra\typeorm\repositories\ProductsRepository.ts
FN:12,(anonymous_16)
FN:15,ProductsRepository
FN:19,(anonymous_18)
FN:35,(anonymous_21)
FN:43,(anonymous_24)
FN:49,(anonymous_27)
FN:53,(anonymous_30)
FN:56,(anonymous_31)
FN:60,(anonymous_32)
FNF:9
FNH:9
FNDA:1,(anonymous_16)
FNDA:1,ProductsRepository
FNDA:4,(anonymous_18)
FNDA:6,(anonymous_21)
FNDA:9,(anonymous_24)
FNDA:3,(anonymous_27)
FNDA:3,(anonymous_30)
FNDA:3,(anonymous_31)
FNDA:3,(anonymous_32)
DA:1,1
DA:6,1
DA:12,1
DA:16,1
DA:19,1
DA:20,4
DA:21,4
DA:22,4
DA:24,4
DA:30,8
DA:32,4
DA:35,1
DA:36,6
DA:40,4
DA:43,1
DA:44,9
DA:46,9
DA:49,1
DA:52,3
DA:53,3
DA:56,3
DA:60,3
DA:63,5
DA:65,2
DA:67,1
DA:69,1
LF:26
LH:26
BRDA:36,0,0,6
BRDA:44,1,0,9
BRDA:52,2,0,3
BRDA:60,3,0,3
BRDA:60,3,1,0
BRDA:60,4,0,0
BRDA:60,4,1,3
BRDA:60,5,0,3
BRDA:60,5,1,3
BRF:9
BRH:7
end_of_record
TN:
SF:src\modules\products\services\CreateProductService.ts
FN:15,(anonymous_18)
FN:16,CreateProductService
FN:21,(anonymous_20)
FNF:3
FNH:3
FNDA:1,(anonymous_18)
FNDA:6,CreateProductService
FNDA:6,(anonymous_20)
DA:1,1
DA:3,1
DA:15,1
DA:18,6
DA:21,6
DA:22,6
DA:24,4
DA:25,0
DA:28,4
DA:34,4
DA:36,1
DA:38,1
LF:12
LH:11
BRDA:22,0,0,6
BRDA:24,1,0,0
BRDA:24,1,1,4
BRF:3
BRH:2
end_of_record
TN:
SF:src\shared\container\index.ts
FNF:0
FNH:0
DA:1,1
DA:4,1
DA:7,1
DA:10,1
DA:12,1
DA:17,1
DA:22,1
LF:7
LH:7
BRF:0
BRH:0
end_of_record
TN:
SF:src\shared\errors\AppError.ts
FN:1,(anonymous_0)
FN:6,AppError
FNF:2
FNH:2
FNDA:1,(anonymous_0)
FNDA:4,AppError
DA:1,1
DA:6,8
DA:7,4
DA:8,4
DA:10,1
DA:12,1
LF:6
LH:6
BRDA:6,0,0,4
BRDA:6,0,1,0
BRF:2
BRH:1
end_of_record
TN:
SF:src\shared\infra\http\app.ts
FN:21,(anonymous_1)
FNF:1
FNH:1
FNDA:8,(anonymous_1)
DA:1,1
DA:3,1
DA:4,1
DA:5,1
DA:7,1
DA:8,1
DA:9,1
DA:11,1
DA:13,1
DA:15,1
DA:17,1
DA:18,1
DA:19,1
DA:21,1
DA:22,8
DA:23,4
DA:29,4
DA:31,4
DA:37,1
LF:19
LH:19
BRDA:22,0,0,4
BRDA:22,0,1,4
BRF:2
BRH:2
end_of_record
TN:
SF:src\shared\infra\http\routes\index.ts
FNF:0
FNH:0
DA:1,1
DA:2,1
DA:3,1
DA:4,1
DA:6,1
DA:8,1
DA:9,1
DA:10,1
DA:12,1
LF:9
LH:9
BRF:0
BRH:0
end_of_record
TN:
SF:src\shared\infra\typeorm\index.ts
FN:3,(anonymous_13)
FNF:1
FNH:1
FNDA:2,(anonymous_13)
DA:1,1
DA:3,3
DA:4,2
DA:6,2
LF:4
LH:4
BRDA:3,0,0,1
BRDA:3,0,1,1
BRDA:4,1,0,2
BRDA:11,2,0,2
BRDA:11,2,1,0
BRF:5
BRH:4
end_of_record
TN:
SF:src\shared\infra\typeorm\migrations\1591720368189-CreateCustomer.ts
FN:3,(anonymous_13)
FN:4,(anonymous_15)
FN:40,(anonymous_18)
FNF:3
FNH:2
FNDA:2,(anonymous_13)
FNDA:1,(anonymous_15)
FNDA:0,(anonymous_18)
DA:1,1
DA:3,1
DA:4,1
DA:5,2
DA:40,1
DA:41,0
DA:43,1
LF:7
LH:6
BRDA:5,0,0,1
BRDA:41,1,0,0
BRF:2
BRH:1
end_of_record
TN:
SF:src\shared\infra\typeorm\migrations\1591722496295-CreateProduct.ts
FN:3,(anonymous_13)
FN:4,(anonymous_15)
FN:46,(anonymous_18)
FNF:3
FNH:2
FNDA:2,(anonymous_13)
FNDA:1,(anonymous_15)
FNDA:0,(anonymous_18)
DA:1,1
DA:3,1
DA:4,1
DA:5,2
DA:46,1
DA:47,0
DA:49,1
LF:7
LH:6
BRDA:5,0,0,1
BRDA:47,1,0,0
BRF:2
BRH:1
end_of_record
TN:
SF:src\shared\infra\typeorm\migrations\1591727408199-CreateOrder.ts
FN:3,(anonymous_13)
FN:4,(anonymous_15)
FN:45,(anonymous_18)
FNF:3
FNH:2
FNDA:2,(anonymous_13)
FNDA:1,(anonymous_15)
FNDA:0,(anonymous_18)
DA:1,1
DA:3,1
DA:4,1
DA:5,2
DA:45,1
DA:46,0
DA:48,1
LF:7
LH:6
BRDA:5,0,0,1
BRDA:46,1,0,0
BRF:2
BRH:1
end_of_record
TN:
SF:src\shared\infra\typeorm\migrations\1591728276115-CreateOrdersProducts.ts
FN:3,(anonymous_13)
FN:5,(anonymous_15)
FN:68,(anonymous_18)
FNF:3
FNH:2
FNDA:2,(anonymous_13)
FNDA:1,(anonymous_15)
FNDA:0,(anonymous_18)
DA:1,1
DA:3,1
DA:5,1
DA:6,2
DA:68,1
DA:69,0
DA:71,1
LF:7
LH:6
BRDA:6,0,0,1
BRDA:69,1,0,0
BRF:2
BRH:1
end_of_record
